<?xml version="1.0" encoding="UTF-8"?>
<!-- Generated by org.testng.reporters.JUnitXMLReporter -->
<testsuite ignored="0" hostname="SMPLXJ90DXD4LG7" failures="1" tests="1" name="Surefire test" time="83.136" errors="0" timestamp="2026-09-14T21:15:37 CEST">
  <testcase classname="com.solvd.carina.demo.IOSCheckoutCompleteTest" name="checkoutCompleteTestIOS" time="81.349">
    <failure type="java.lang.AssertionError" message="iOS test failed: no such element By.xpath: (//*[@name=&amp;apos;ADD TO CART&amp;apos;])[1]
For documentation on this error, please visit: https://selenium.dev/exceptions/#no_such_element
Build info: version: &amp;apos;4.7.0&amp;apos;, revision: &amp;apos;0a5b49d16f&amp;apos;
System info: os.name: &amp;apos;Mac OS X&amp;apos;, os.arch: &amp;apos;aarch64&amp;apos;, os.version: &amp;apos;26.5&amp;apos;, java.version: &amp;apos;26.0.2&amp;apos;
Driver info: driver.version: unknown">
      <![CDATA[java.lang.AssertionError: iOS test failed: no such element By.xpath: (//*[@name='ADD TO CART'])[1]
For documentation on this error, please visit: https://selenium.dev/exceptions/#no_such_element
Build info: version: '4.7.0', revision: '0a5b49d16f'
System info: os.name: 'Mac OS X', os.arch: 'aarch64', os.version: '26.5', java.version: '26.0.2'
Driver info: driver.version: unknown
at com.solvd.carina.demo.IOSCheckoutCompleteTest.checkoutCompleteTestIOS(IOSCheckoutCompleteTest.java:65)
at java.base/java.util.ArrayList.forEach(ArrayList.java:1612)
... Removed 31 stack frames]]>
    </failure>
  </testcase> <!-- checkoutCompleteTestIOS -->
</testsuite> <!-- Surefire test -->
