<?xml version="1.0" encoding="UTF-8"?>
<!-- Generated by org.testng.reporters.JUnitXMLReporter -->
<testsuite ignored="0" hostname="SMPLXJ90DXD4LG7" failures="1" tests="1" name="Surefire test" time="19.868" errors="0" timestamp="2026-09-13T17:52:05 CEST">
  <testcase classname="com.solvd.carina.demo.MultipleProductsTest" name="multipleProductsTest" time="17.688">
    <failure type="org.openqa.selenium.NoSuchElementException" message="no such element By.xpath: (//android.widget.TextView[@text=&amp;apos;ADD TO CART&amp;apos;])[2]
For documentation on this error, please visit: https://selenium.dev/exceptions/#no_such_element
Build info: version: &amp;apos;4.7.0&amp;apos;, revision: &amp;apos;0a5b49d16f&amp;apos;
System info: os.name: &amp;apos;Mac OS X&amp;apos;, os.arch: &amp;apos;aarch64&amp;apos;, os.version: &amp;apos;26.5&amp;apos;, java.version: &amp;apos;26.0.2&amp;apos;
Driver info: driver.version: unknown">
      <![CDATA[org.openqa.selenium.NoSuchElementException: no such element By.xpath: (//android.widget.TextView[@text='ADD TO CART'])[2]
For documentation on this error, please visit: https://selenium.dev/exceptions/#no_such_element
Build info: version: '4.7.0', revision: '0a5b49d16f'
System info: os.name: 'Mac OS X', os.arch: 'aarch64', os.version: '26.5', java.version: '26.0.2'
Driver info: driver.version: unknown
at com.zebrunner.carina.webdriver.locator.ExtendedElementLocator.findElement(ExtendedElementLocator.java:157)
at org.openqa.selenium.support.pagefactory.internal.LocatingElementHandler.invoke(LocatingElementHandler.java:39)
at jdk.proxy2/jdk.proxy2.$Proxy88.click(Unknown Source)
at com.zebrunner.carina.webdriver.decorator.ExtendedWebElement$3.doClick(ExtendedWebElement.java:1537)
at com.zebrunner.carina.webdriver.decorator.ExtendedWebElement.executeAction(ExtendedWebElement.java:1397)
at com.zebrunner.carina.webdriver.decorator.ExtendedWebElement.overrideAction(ExtendedWebElement.java:1531)
at com.zebrunner.carina.webdriver.decorator.ExtendedWebElement.doAction(ExtendedWebElement.java:1510)
at com.zebrunner.carina.webdriver.decorator.ExtendedWebElement.doAction(ExtendedWebElement.java:1487)
at com.zebrunner.carina.webdriver.decorator.ExtendedWebElement.click(ExtendedWebElement.java:416)
at com.zebrunner.carina.webdriver.decorator.ExtendedWebElement.click(ExtendedWebElement.java:406)
at com.zebrunner.carina.webdriver.decorator.ExtendedWebElement.click(ExtendedWebElement.java:397)
at com.solvd.carina.demo.mobile.gui.pages.android.ProductsPage.addBikeLightToCart(ProductsPage.java:70)
at com.solvd.carina.demo.MultipleProductsTest.multipleProductsTest(MultipleProductsTest.java:27)
at java.base/java.util.ArrayList.forEach(ArrayList.java:1612)
... Removed 30 stack frames]]>
    </failure>
  </testcase> <!-- multipleProductsTest -->
</testsuite> <!-- Surefire test -->
