<?xml version="1.0" encoding="UTF-8"?>
<testsuite xmlns:xsi="http://www.w3.org/2001/XMLSchema-instance" xsi:noNamespaceSchemaLocation="https://maven.apache.org/surefire/maven-surefire-plugin/xsd/surefire-test-report-3.0.xsd" version="3.0" name="com.solvd.carina.demo.LoginTest" time="13.188" tests="1" errors="0" skipped="0" failures="0">
  <properties>
[...]
</properties>
  <testcase name="validLoginTest" classname="com.solvd.carina.demo.LoginTest" time="11.446">
    <system-out><![CDATA[2026-08-24 22:44:23 CarinaListener [main] [INFO] 
============= Basic configuration =============
env=DEMO
=========== Encryptor configuration ===========
crypto_key_value=*****
=========== WebDriver configuration ===========
url=https://www.gsmarena.com
selenium_url=http://127.0.0.1:4723
auto_screenshot=true
localization_encoding=UTF-8
language=en_US
-------------- Driver capabilities ------------
appPackage=com.swaglabsmobileapp
appActivity=com.swaglabsmobileapp.MainActivity
app=/Users/maksim/carina-automation/mobile-native-automation/mobile-native-automation/src/test/resources/apps/Android-MyDemoAppRN.apk
deviceType=phone
automationName=UiAutomator2
platformName=ANDROID
deviceName=Pixel_7
===============================================

2026-08-24 22:44:23 TestRunRegistrar [main-3] [WARN] Reporting disabled: using no op test run registrar
2026-08-24 22:44:24 CarinaListener [main-3] [INFO] Set thread-count=1
2026-08-24 22:44:24 CarinaListener [main-3] [INFO] Set data-provider-thread-count=1
2026-08-24 22:44:24 CarinaListener [main-3] [INFO] CARINA_CORE_VERSION: 1.1.3
2026-08-24 22:44:24 TestRunRegistrar [main-3] [WARN] Reporting disabled: using no op test run registrar
2026-08-24 22:44:24 Messager [main-3] [INFO] TEST [Surefire test - validLoginTest] STARTED at [22:44:24 2026-08-24]
2026-08-24 22:44:24 DriverFactory [main-3] [INFO] Starting driver session...
2026-08-24 22:44:24 Artifact [main-3] [ERROR] Failed to attach artifact reference 'app' to test run because it has not been started yet.
2026-08-24 22:44:28 DriverFactory [main-3] [INFO] Driver session started.
2026-08-24 22:44:33 DriverListener [main-3] [INFO] PASS: keys 'standard_user' are sent to element 'usernameField'.
2026-08-24 22:44:35 DriverListener [main-3] [INFO] PASS: keys 'secret_sauce' are sent to element 'passwordField'.
2026-08-24 22:44:35 DriverListener [main-3] [INFO] PASS: element 'loginButton' is clicked.
2026-08-24 22:44:36 Messager [main-3] [INFO] TEST [Surefire test - validLoginTest] PASSED at [22:44:36 2026-08-24]
]]></system-out>
  </testcase>
</testsuite>