<?xml version="1.0" encoding="UTF-8"?>
<testng-results ignored="0" total="11" passed="0" failed="0" skipped="11">
  <reporter-output>
    <line>
      <![CDATA[TEST [Mobile test - nativePreferencesTest] SKIPPED at [19:51:30 2026-09-14] - No iOS app (.app/.ipa) or bundleId configured (capabilities.app or capabilities.bundleId). Skipping iOS Preferences test.

com.solvd.carina.demo.IOSPreferencesTest.nativePreferencesTest(IOSPreferencesTest.java:25)
java.base/jdk.internal.reflect.DirectMethodHandleAccessor.invoke(DirectMethodHandleAccessor.java:104)
java.base/java.lang.reflect.Method.invoke(Method.java:565)
org.testng.internal.invokers.MethodInvocationHelper.invokeMethod(MethodInvocationHelper.java:139)
org.testng.internal.invokers.TestInvoker.invokeMethod(TestInvoker.java:677)
org.testng.internal.invokers.TestInvoker.invokeTestMethod(TestInvoker.java:221)
org.testng.internal.invokers.MethodRunner.runInSequence(MethodRunner.java:50)
org.testng.internal.invokers.TestInvoker$MethodInvocationAgent.invoke(TestInvoker.java:969)
org.testng.internal.invokers.TestInvoker.invokeTestMethods(TestInvoker.java:194)
org.testng.internal.invokers.TestMethodWorker.invokeTestMethods(TestMethodWorker.java:148)
org.testng.internal.invokers.TestMethodWorker.run(TestMethodWorker.java:128)
java.base/java.util.ArrayList.forEach(ArrayList.java:1612)
org.testng.TestRunner.privateRun(TestRunner.java:829)
org.testng.TestRunner.run(TestRunner.java:602)
org.testng.SuiteRunner.runTest(SuiteRunner.java:437)
org.testng.SuiteRunner$SuiteWorker.run(SuiteRunner.java:475)
org.testng.internal.thread.ThreadUtil.lambda$execute$0(ThreadUtil.java:58)
java.base/java.util.concurrent.FutureTask.run(FutureTask.java:330)
java.base/java.util.concurrent.ThreadPoolExecutor.runWorker(ThreadPoolExecutor.java:1090)
java.base/java.util.concurrent.ThreadPoolExecutor$Worker.run(ThreadPoolExecutor.java:614)
java.base/java.lang.Thread.run(Thread.java:1516)]]>
    </line>
    <line>
      <![CDATA[TEST [Mobile test - testDragAndDropIOS] SKIPPED at [19:51:30 2026-09-14] - No iOS app (.app/.ipa) or bundleId configured (capabilities.app or capabilities.bundleId). Skipping iOS drag-and-drop test.

com.solvd.carina.demo.IOSDragAndDropTest.testDragAndDropIOS(IOSDragAndDropTest.java:22)
java.base/jdk.internal.reflect.DirectMethodHandleAccessor.invoke(DirectMethodHandleAccessor.java:104)
java.base/java.lang.reflect.Method.invoke(Method.java:565)
org.testng.internal.invokers.MethodInvocationHelper.invokeMethod(MethodInvocationHelper.java:139)
org.testng.internal.invokers.TestInvoker.invokeMethod(TestInvoker.java:677)
org.testng.internal.invokers.TestInvoker.invokeTestMethod(TestInvoker.java:221)
org.testng.internal.invokers.MethodRunner.runInSequence(MethodRunner.java:50)
org.testng.internal.invokers.TestInvoker$MethodInvocationAgent.invoke(TestInvoker.java:969)
org.testng.internal.invokers.TestInvoker.invokeTestMethods(TestInvoker.java:194)
org.testng.internal.invokers.TestMethodWorker.invokeTestMethods(TestMethodWorker.java:148)
org.testng.internal.invokers.TestMethodWorker.run(TestMethodWorker.java:128)
java.base/java.util.ArrayList.forEach(ArrayList.java:1612)
org.testng.TestRunner.privateRun(TestRunner.java:829)
org.testng.TestRunner.run(TestRunner.java:602)
org.testng.SuiteRunner.runTest(SuiteRunner.java:437)
org.testng.SuiteRunner$SuiteWorker.run(SuiteRunner.java:475)
org.testng.internal.thread.ThreadUtil.lambda$execute$0(ThreadUtil.java:58)
java.base/java.util.concurrent.FutureTask.run(FutureTask.java:330)
java.base/java.util.concurrent.ThreadPoolExecutor.runWorker(ThreadPoolExecutor.java:1090)
java.base/java.util.concurrent.ThreadPoolExecutor$Worker.run(ThreadPoolExecutor.java:614)
java.base/java.lang.Thread.run(Thread.java:1516)]]>
    </line>
    <line>
      <![CDATA[TEST [Mobile test - addProductToCartTestIOS] SKIPPED at [19:51:30 2026-09-14] - No iOS app (.app/.ipa) or bundleId configured (capabilities.app or capabilities.bundleId). Skipping iOS test.

com.solvd.carina.demo.IOSAddToCartTest.addProductToCartTestIOS(IOSAddToCartTest.java:23)
java.base/jdk.internal.reflect.DirectMethodHandleAccessor.invoke(DirectMethodHandleAccessor.java:104)
java.base/java.lang.reflect.Method.invoke(Method.java:565)
org.testng.internal.invokers.MethodInvocationHelper.invokeMethod(MethodInvocationHelper.java:139)
org.testng.internal.invokers.TestInvoker.invokeMethod(TestInvoker.java:677)
org.testng.internal.invokers.TestInvoker.invokeTestMethod(TestInvoker.java:221)
org.testng.internal.invokers.MethodRunner.runInSequence(MethodRunner.java:50)
org.testng.internal.invokers.TestInvoker$MethodInvocationAgent.invoke(TestInvoker.java:969)
org.testng.internal.invokers.TestInvoker.invokeTestMethods(TestInvoker.java:194)
org.testng.internal.invokers.TestMethodWorker.invokeTestMethods(TestMethodWorker.java:148)
org.testng.internal.invokers.TestMethodWorker.run(TestMethodWorker.java:128)
java.base/java.util.ArrayList.forEach(ArrayList.java:1612)
org.testng.TestRunner.privateRun(TestRunner.java:829)
org.testng.TestRunner.run(TestRunner.java:602)
org.testng.SuiteRunner.runTest(SuiteRunner.java:437)
org.testng.SuiteRunner$SuiteWorker.run(SuiteRunner.java:475)
org.testng.internal.thread.ThreadUtil.lambda$execute$0(ThreadUtil.java:58)
java.base/java.util.concurrent.FutureTask.run(FutureTask.java:330)
java.base/java.util.concurrent.ThreadPoolExecutor.runWorker(ThreadPoolExecutor.java:1090)
java.base/java.util.concurrent.ThreadPoolExecutor$Worker.run(ThreadPoolExecutor.java:614)
java.base/java.lang.Thread.run(Thread.java:1516)]]>
    </line>
    <line>
      <![CDATA[TEST [Mobile test - loginTestIOS] SKIPPED at [19:51:30 2026-09-14] - No iOS app (.app/.ipa) or bundleId configured (capabilities.app or capabilities.bundleId). Skipping iOS test.

com.solvd.carina.demo.IOSLoginTest.loginTestIOS(IOSLoginTest.java:22)
java.base/jdk.internal.reflect.DirectMethodHandleAccessor.invoke(DirectMethodHandleAccessor.java:104)
java.base/java.lang.reflect.Method.invoke(Method.java:565)
org.testng.internal.invokers.MethodInvocationHelper.invokeMethod(MethodInvocationHelper.java:139)
org.testng.internal.invokers.TestInvoker.invokeMethod(TestInvoker.java:677)
org.testng.internal.invokers.TestInvoker.invokeTestMethod(TestInvoker.java:221)
org.testng.internal.invokers.MethodRunner.runInSequence(MethodRunner.java:50)
org.testng.internal.invokers.TestInvoker$MethodInvocationAgent.invoke(TestInvoker.java:969)
org.testng.internal.invokers.TestInvoker.invokeTestMethods(TestInvoker.java:194)
org.testng.internal.invokers.TestMethodWorker.invokeTestMethods(TestMethodWorker.java:148)
org.testng.internal.invokers.TestMethodWorker.run(TestMethodWorker.java:128)
java.base/java.util.ArrayList.forEach(ArrayList.java:1612)
org.testng.TestRunner.privateRun(TestRunner.java:829)
org.testng.TestRunner.run(TestRunner.java:602)
org.testng.SuiteRunner.runTest(SuiteRunner.java:437)
org.testng.SuiteRunner$SuiteWorker.run(SuiteRunner.java:475)
org.testng.internal.thread.ThreadUtil.lambda$execute$0(ThreadUtil.java:58)
java.base/java.util.concurrent.FutureTask.run(FutureTask.java:330)
java.base/java.util.concurrent.ThreadPoolExecutor.runWorker(ThreadPoolExecutor.java:1090)
java.base/java.util.concurrent.ThreadPoolExecutor$Worker.run(ThreadPoolExecutor.java:614)
java.base/java.lang.Thread.run(Thread.java:1516)]]>
    </line>
    <line>
      <![CDATA[TEST [Mobile test - logoutTestIOS] SKIPPED at [19:51:30 2026-09-14] - No iOS app (.app/.ipa) or bundleId configured (capabilities.app or capabilities.bundleId). Skipping iOS test.

com.solvd.carina.demo.IOSLogoutTest.logoutTestIOS(IOSLogoutTest.java:22)
java.base/jdk.internal.reflect.DirectMethodHandleAccessor.invoke(DirectMethodHandleAccessor.java:104)
java.base/java.lang.reflect.Method.invoke(Method.java:565)
org.testng.internal.invokers.MethodInvocationHelper.invokeMethod(MethodInvocationHelper.java:139)
org.testng.internal.invokers.TestInvoker.invokeMethod(TestInvoker.java:677)
org.testng.internal.invokers.TestInvoker.invokeTestMethod(TestInvoker.java:221)
org.testng.internal.invokers.MethodRunner.runInSequence(MethodRunner.java:50)
org.testng.internal.invokers.TestInvoker$MethodInvocationAgent.invoke(TestInvoker.java:969)
org.testng.internal.invokers.TestInvoker.invokeTestMethods(TestInvoker.java:194)
org.testng.internal.invokers.TestMethodWorker.invokeTestMethods(TestMethodWorker.java:148)
org.testng.internal.invokers.TestMethodWorker.run(TestMethodWorker.java:128)
java.base/java.util.ArrayList.forEach(ArrayList.java:1612)
org.testng.TestRunner.privateRun(TestRunner.java:829)
org.testng.TestRunner.run(TestRunner.java:602)
org.testng.SuiteRunner.runTest(SuiteRunner.java:437)
org.testng.SuiteRunner$SuiteWorker.run(SuiteRunner.java:475)
org.testng.internal.thread.ThreadUtil.lambda$execute$0(ThreadUtil.java:58)
java.base/java.util.concurrent.FutureTask.run(FutureTask.java:330)
java.base/java.util.concurrent.ThreadPoolExecutor.runWorker(ThreadPoolExecutor.java:1090)
java.base/java.util.concurrent.ThreadPoolExecutor$Worker.run(ThreadPoolExecutor.java:614)
java.base/java.lang.Thread.run(Thread.java:1516)]]>
    </line>
    <line>
      <![CDATA[TEST [Mobile test - checkoutTestIOS] SKIPPED at [19:51:30 2026-09-14] - No iOS app (.app/.ipa) or bundleId configured (capabilities.app or capabilities.bundleId). Skipping iOS test.

com.solvd.carina.demo.IOSCheckoutTest.checkoutTestIOS(IOSCheckoutTest.java:24)
java.base/jdk.internal.reflect.DirectMethodHandleAccessor.invoke(DirectMethodHandleAccessor.java:104)
java.base/java.lang.reflect.Method.invoke(Method.java:565)
org.testng.internal.invokers.MethodInvocationHelper.invokeMethod(MethodInvocationHelper.java:139)
org.testng.internal.invokers.TestInvoker.invokeMethod(TestInvoker.java:677)
org.testng.internal.invokers.TestInvoker.invokeTestMethod(TestInvoker.java:221)
org.testng.internal.invokers.MethodRunner.runInSequence(MethodRunner.java:50)
org.testng.internal.invokers.TestInvoker$MethodInvocationAgent.invoke(TestInvoker.java:969)
org.testng.internal.invokers.TestInvoker.invokeTestMethods(TestInvoker.java:194)
org.testng.internal.invokers.TestMethodWorker.invokeTestMethods(TestMethodWorker.java:148)
org.testng.internal.invokers.TestMethodWorker.run(TestMethodWorker.java:128)
java.base/java.util.ArrayList.forEach(ArrayList.java:1612)
org.testng.TestRunner.privateRun(TestRunner.java:829)
org.testng.TestRunner.run(TestRunner.java:602)
org.testng.SuiteRunner.runTest(SuiteRunner.java:437)
org.testng.SuiteRunner$SuiteWorker.run(SuiteRunner.java:475)
org.testng.internal.thread.ThreadUtil.lambda$execute$0(ThreadUtil.java:58)
java.base/java.util.concurrent.FutureTask.run(FutureTask.java:330)
java.base/java.util.concurrent.ThreadPoolExecutor.runWorker(ThreadPoolExecutor.java:1090)
java.base/java.util.concurrent.ThreadPoolExecutor$Worker.run(ThreadPoolExecutor.java:614)
java.base/java.lang.Thread.run(Thread.java:1516)]]>
    </line>
    <line>
      <![CDATA[TEST [Mobile test - checkoutCompleteTestIOS] SKIPPED at [19:51:30 2026-09-14] - No iOS app (.app/.ipa) or bundleId configured (capabilities.app or capabilities.bundleId). Skipping iOS test.

com.solvd.carina.demo.IOSCheckoutCompleteTest.checkoutCompleteTestIOS(IOSCheckoutCompleteTest.java:25)
java.base/jdk.internal.reflect.DirectMethodHandleAccessor.invoke(DirectMethodHandleAccessor.java:104)
java.base/java.lang.reflect.Method.invoke(Method.java:565)
org.testng.internal.invokers.MethodInvocationHelper.invokeMethod(MethodInvocationHelper.java:139)
org.testng.internal.invokers.TestInvoker.invokeMethod(TestInvoker.java:677)
org.testng.internal.invokers.TestInvoker.invokeTestMethod(TestInvoker.java:221)
org.testng.internal.invokers.MethodRunner.runInSequence(MethodRunner.java:50)
org.testng.internal.invokers.TestInvoker$MethodInvocationAgent.invoke(TestInvoker.java:969)
org.testng.internal.invokers.TestInvoker.invokeTestMethods(TestInvoker.java:194)
org.testng.internal.invokers.TestMethodWorker.invokeTestMethods(TestMethodWorker.java:148)
org.testng.internal.invokers.TestMethodWorker.run(TestMethodWorker.java:128)
java.base/java.util.ArrayList.forEach(ArrayList.java:1612)
org.testng.TestRunner.privateRun(TestRunner.java:829)
org.testng.TestRunner.run(TestRunner.java:602)
org.testng.SuiteRunner.runTest(SuiteRunner.java:437)
org.testng.SuiteRunner$SuiteWorker.run(SuiteRunner.java:475)
org.testng.internal.thread.ThreadUtil.lambda$execute$0(ThreadUtil.java:58)
java.base/java.util.concurrent.FutureTask.run(FutureTask.java:330)
java.base/java.util.concurrent.ThreadPoolExecutor.runWorker(ThreadPoolExecutor.java:1090)
java.base/java.util.concurrent.ThreadPoolExecutor$Worker.run(ThreadPoolExecutor.java:614)
java.base/java.lang.Thread.run(Thread.java:1516)]]>
    </line>
    <line>
      <![CDATA[TEST [Mobile test - continueShoppingTestIOS] SKIPPED at [19:51:30 2026-09-14] - No iOS app (.app/.ipa) or bundleId configured (capabilities.app or capabilities.bundleId). Skipping iOS test.

com.solvd.carina.demo.IOSContinueShoppingTest.continueShoppingTestIOS(IOSContinueShoppingTest.java:23)
java.base/jdk.internal.reflect.DirectMethodHandleAccessor.invoke(DirectMethodHandleAccessor.java:104)
java.base/java.lang.reflect.Method.invoke(Method.java:565)
org.testng.internal.invokers.MethodInvocationHelper.invokeMethod(MethodInvocationHelper.java:139)
org.testng.internal.invokers.TestInvoker.invokeMethod(TestInvoker.java:677)
org.testng.internal.invokers.TestInvoker.invokeTestMethod(TestInvoker.java:221)
org.testng.internal.invokers.MethodRunner.runInSequence(MethodRunner.java:50)
org.testng.internal.invokers.TestInvoker$MethodInvocationAgent.invoke(TestInvoker.java:969)
org.testng.internal.invokers.TestInvoker.invokeTestMethods(TestInvoker.java:194)
org.testng.internal.invokers.TestMethodWorker.invokeTestMethods(TestMethodWorker.java:148)
org.testng.internal.invokers.TestMethodWorker.run(TestMethodWorker.java:128)
java.base/java.util.ArrayList.forEach(ArrayList.java:1612)
org.testng.TestRunner.privateRun(TestRunner.java:829)
org.testng.TestRunner.run(TestRunner.java:602)
org.testng.SuiteRunner.runTest(SuiteRunner.java:437)
org.testng.SuiteRunner$SuiteWorker.run(SuiteRunner.java:475)
org.testng.internal.thread.ThreadUtil.lambda$execute$0(ThreadUtil.java:58)
java.base/java.util.concurrent.FutureTask.run(FutureTask.java:330)
java.base/java.util.concurrent.ThreadPoolExecutor.runWorker(ThreadPoolExecutor.java:1090)
java.base/java.util.concurrent.ThreadPoolExecutor$Worker.run(ThreadPoolExecutor.java:614)
java.base/java.lang.Thread.run(Thread.java:1516)]]>
    </line>
    <line>
      <![CDATA[TEST [Mobile test - removeFromCartTestIOS] SKIPPED at [19:51:30 2026-09-14] - No iOS app (.app/.ipa) or bundleId configured (capabilities.app or capabilities.bundleId). Skipping iOS test.

com.solvd.carina.demo.IOSRemoveFromCartTest.removeFromCartTestIOS(IOSRemoveFromCartTest.java:23)
java.base/jdk.internal.reflect.DirectMethodHandleAccessor.invoke(DirectMethodHandleAccessor.java:104)
java.base/java.lang.reflect.Method.invoke(Method.java:565)
org.testng.internal.invokers.MethodInvocationHelper.invokeMethod(MethodInvocationHelper.java:139)
org.testng.internal.invokers.TestInvoker.invokeMethod(TestInvoker.java:677)
org.testng.internal.invokers.TestInvoker.invokeTestMethod(TestInvoker.java:221)
org.testng.internal.invokers.MethodRunner.runInSequence(MethodRunner.java:50)
org.testng.internal.invokers.TestInvoker$MethodInvocationAgent.invoke(TestInvoker.java:969)
org.testng.internal.invokers.TestInvoker.invokeTestMethods(TestInvoker.java:194)
org.testng.internal.invokers.TestMethodWorker.invokeTestMethods(TestMethodWorker.java:148)
org.testng.internal.invokers.TestMethodWorker.run(TestMethodWorker.java:128)
java.base/java.util.ArrayList.forEach(ArrayList.java:1612)
org.testng.TestRunner.privateRun(TestRunner.java:829)
org.testng.TestRunner.run(TestRunner.java:602)
org.testng.SuiteRunner.runTest(SuiteRunner.java:437)
org.testng.SuiteRunner$SuiteWorker.run(SuiteRunner.java:475)
org.testng.internal.thread.ThreadUtil.lambda$execute$0(ThreadUtil.java:58)
java.base/java.util.concurrent.FutureTask.run(FutureTask.java:330)
java.base/java.util.concurrent.ThreadPoolExecutor.runWorker(ThreadPoolExecutor.java:1090)
java.base/java.util.concurrent.ThreadPoolExecutor$Worker.run(ThreadPoolExecutor.java:614)
java.base/java.lang.Thread.run(Thread.java:1516)]]>
    </line>
    <line>
      <![CDATA[TEST [Mobile test - multipleProductsTestIOS] SKIPPED at [19:51:30 2026-09-14] - No iOS app (.app/.ipa) or bundleId configured (capabilities.app or capabilities.bundleId). Skipping iOS test.

com.solvd.carina.demo.IOSMultipleProductsTest.multipleProductsTestIOS(IOSMultipleProductsTest.java:23)
java.base/jdk.internal.reflect.DirectMethodHandleAccessor.invoke(DirectMethodHandleAccessor.java:104)
java.base/java.lang.reflect.Method.invoke(Method.java:565)
org.testng.internal.invokers.MethodInvocationHelper.invokeMethod(MethodInvocationHelper.java:139)
org.testng.internal.invokers.TestInvoker.invokeMethod(TestInvoker.java:677)
org.testng.internal.invokers.TestInvoker.invokeTestMethod(TestInvoker.java:221)
org.testng.internal.invokers.MethodRunner.runInSequence(MethodRunner.java:50)
org.testng.internal.invokers.TestInvoker$MethodInvocationAgent.invoke(TestInvoker.java:969)
org.testng.internal.invokers.TestInvoker.invokeTestMethods(TestInvoker.java:194)
org.testng.internal.invokers.TestMethodWorker.invokeTestMethods(TestMethodWorker.java:148)
org.testng.internal.invokers.TestMethodWorker.run(TestMethodWorker.java:128)
java.base/java.util.ArrayList.forEach(ArrayList.java:1612)
org.testng.TestRunner.privateRun(TestRunner.java:829)
org.testng.TestRunner.run(TestRunner.java:602)
org.testng.SuiteRunner.runTest(SuiteRunner.java:437)
org.testng.SuiteRunner$SuiteWorker.run(SuiteRunner.java:475)
org.testng.internal.thread.ThreadUtil.lambda$execute$0(ThreadUtil.java:58)
java.base/java.util.concurrent.FutureTask.run(FutureTask.java:330)
java.base/java.util.concurrent.ThreadPoolExecutor.runWorker(ThreadPoolExecutor.java:1090)
java.base/java.util.concurrent.ThreadPoolExecutor$Worker.run(ThreadPoolExecutor.java:614)
java.base/java.lang.Thread.run(Thread.java:1516)]]>
    </line>
    <line>
      <![CDATA[TEST [Mobile test - negativeLoginTestIOS] SKIPPED at [19:51:30 2026-09-14] - No iOS app (.app/.ipa) or bundleId configured (capabilities.app or capabilities.bundleId). Skipping iOS test.

com.solvd.carina.demo.IOSNegativeLoginTest.negativeLoginTestIOS(IOSNegativeLoginTest.java:21)
java.base/jdk.internal.reflect.DirectMethodHandleAccessor.invoke(DirectMethodHandleAccessor.java:104)
java.base/java.lang.reflect.Method.invoke(Method.java:565)
org.testng.internal.invokers.MethodInvocationHelper.invokeMethod(MethodInvocationHelper.java:139)
org.testng.internal.invokers.TestInvoker.invokeMethod(TestInvoker.java:677)
org.testng.internal.invokers.TestInvoker.invokeTestMethod(TestInvoker.java:221)
org.testng.internal.invokers.MethodRunner.runInSequence(MethodRunner.java:50)
org.testng.internal.invokers.TestInvoker$MethodInvocationAgent.invoke(TestInvoker.java:969)
org.testng.internal.invokers.TestInvoker.invokeTestMethods(TestInvoker.java:194)
org.testng.internal.invokers.TestMethodWorker.invokeTestMethods(TestMethodWorker.java:148)
org.testng.internal.invokers.TestMethodWorker.run(TestMethodWorker.java:128)
java.base/java.util.ArrayList.forEach(ArrayList.java:1612)
org.testng.TestRunner.privateRun(TestRunner.java:829)
org.testng.TestRunner.run(TestRunner.java:602)
org.testng.SuiteRunner.runTest(SuiteRunner.java:437)
org.testng.SuiteRunner$SuiteWorker.run(SuiteRunner.java:475)
org.testng.internal.thread.ThreadUtil.lambda$execute$0(ThreadUtil.java:58)
java.base/java.util.concurrent.FutureTask.run(FutureTask.java:330)
java.base/java.util.concurrent.ThreadPoolExecutor.runWorker(ThreadPoolExecutor.java:1090)
java.base/java.util.concurrent.ThreadPoolExecutor$Worker.run(ThreadPoolExecutor.java:614)
java.base/java.lang.Thread.run(Thread.java:1516)]]>
    </line>
  </reporter-output>
  <suite started-at="2026-09-14T19:51:30 CEST" name="Carina Demo Tests - Mobile Sample (iOS)" finished-at="2026-09-14T19:51:30 CEST" duration-ms="84">
    <groups>
    </groups>
    <test started-at="2026-09-14T19:51:30 CEST" name="Mobile test" finished-at="2026-09-14T19:51:30 CEST" duration-ms="84">
      <class name="com.solvd.carina.demo.IOSCheckoutCompleteTest">
        <test-method signature="checkoutCompleteTestIOS()[pri:0, instance:com.solvd.carina.demo.IOSCheckoutCompleteTest@54e680fe]" started-at="2026-09-14T19:51:30 CEST" name="checkoutCompleteTestIOS" finished-at="2026-09-14T19:51:30 CEST" duration-ms="2" status="SKIP">
          <exception class="org.testng.SkipException">
            <message>
              <![CDATA[No iOS app (.app/.ipa) or bundleId configured (capabilities.app or capabilities.bundleId). Skipping iOS test.]]>
            </message>
            <full-stacktrace>
              <![CDATA[org.testng.SkipException: No iOS app (.app/.ipa) or bundleId configured (capabilities.app or capabilities.bundleId). Skipping iOS test.
at com.solvd.carina.demo.IOSCheckoutCompleteTest.checkoutCompleteTestIOS(IOSCheckoutCompleteTest.java:25)
at java.base/jdk.internal.reflect.DirectMethodHandleAccessor.invoke(DirectMethodHandleAccessor.java:104)
at java.base/java.lang.reflect.Method.invoke(Method.java:565)
at org.testng.internal.invokers.MethodInvocationHelper.invokeMethod(MethodInvocationHelper.java:139)
at org.testng.internal.invokers.TestInvoker.invokeMethod(TestInvoker.java:677)
at org.testng.internal.invokers.TestInvoker.invokeTestMethod(TestInvoker.java:221)
at org.testng.internal.invokers.MethodRunner.runInSequence(MethodRunner.java:50)
at org.testng.internal.invokers.TestInvoker$MethodInvocationAgent.invoke(TestInvoker.java:969)
at org.testng.internal.invokers.TestInvoker.invokeTestMethods(TestInvoker.java:194)
at org.testng.internal.invokers.TestMethodWorker.invokeTestMethods(TestMethodWorker.java:148)
at org.testng.internal.invokers.TestMethodWorker.run(TestMethodWorker.java:128)
at java.base/java.util.ArrayList.forEach(ArrayList.java:1612)
at org.testng.TestRunner.privateRun(TestRunner.java:829)
at org.testng.TestRunner.run(TestRunner.java:602)
at org.testng.SuiteRunner.runTest(SuiteRunner.java:437)
at org.testng.SuiteRunner$SuiteWorker.run(SuiteRunner.java:475)
at org.testng.internal.thread.ThreadUtil.lambda$execute$0(ThreadUtil.java:58)
at java.base/java.util.concurrent.FutureTask.run(FutureTask.java:330)
at java.base/java.util.concurrent.ThreadPoolExecutor.runWorker(ThreadPoolExecutor.java:1090)
at java.base/java.util.concurrent.ThreadPoolExecutor$Worker.run(ThreadPoolExecutor.java:614)
at java.base/java.lang.Thread.run(Thread.java:1516)
]]>
            </full-stacktrace>
          </exception> <!-- org.testng.SkipException -->
          <reporter-output>
            <line>
              <![CDATA[TEST [Mobile test - checkoutCompleteTestIOS] SKIPPED at [19:51:30 2026-09-14] - No iOS app (.app/.ipa) or bundleId configured (capabilities.app or capabilities.bundleId). Skipping iOS test.

com.solvd.carina.demo.IOSCheckoutCompleteTest.checkoutCompleteTestIOS(IOSCheckoutCompleteTest.java:25)
java.base/jdk.internal.reflect.DirectMethodHandleAccessor.invoke(DirectMethodHandleAccessor.java:104)
java.base/java.lang.reflect.Method.invoke(Method.java:565)
org.testng.internal.invokers.MethodInvocationHelper.invokeMethod(MethodInvocationHelper.java:139)
org.testng.internal.invokers.TestInvoker.invokeMethod(TestInvoker.java:677)
org.testng.internal.invokers.TestInvoker.invokeTestMethod(TestInvoker.java:221)
org.testng.internal.invokers.MethodRunner.runInSequence(MethodRunner.java:50)
org.testng.internal.invokers.TestInvoker$MethodInvocationAgent.invoke(TestInvoker.java:969)
org.testng.internal.invokers.TestInvoker.invokeTestMethods(TestInvoker.java:194)
org.testng.internal.invokers.TestMethodWorker.invokeTestMethods(TestMethodWorker.java:148)
org.testng.internal.invokers.TestMethodWorker.run(TestMethodWorker.java:128)
java.base/java.util.ArrayList.forEach(ArrayList.java:1612)
org.testng.TestRunner.privateRun(TestRunner.java:829)
org.testng.TestRunner.run(TestRunner.java:602)
org.testng.SuiteRunner.runTest(SuiteRunner.java:437)
org.testng.SuiteRunner$SuiteWorker.run(SuiteRunner.java:475)
org.testng.internal.thread.ThreadUtil.lambda$execute$0(ThreadUtil.java:58)
java.base/java.util.concurrent.FutureTask.run(FutureTask.java:330)
java.base/java.util.concurrent.ThreadPoolExecutor.runWorker(ThreadPoolExecutor.java:1090)
java.base/java.util.concurrent.ThreadPoolExecutor$Worker.run(ThreadPoolExecutor.java:614)
java.base/java.lang.Thread.run(Thread.java:1516)]]>
            </line>
          </reporter-output>
        </test-method> <!-- checkoutCompleteTestIOS -->
        <test-method is-config="true" signature="onCarinaAfterMethod()[pri:0, instance:com.solvd.carina.demo.IOSCheckoutCompleteTest@54e680fe]" started-at="2026-09-14T19:51:30 CEST" name="onCarinaAfterMethod" finished-at="2026-09-14T19:51:30 CEST" duration-ms="0" status="PASS">
          <reporter-output>
          </reporter-output>
        </test-method> <!-- onCarinaAfterMethod -->
      </class> <!-- com.solvd.carina.demo.IOSCheckoutCompleteTest -->
      <class name="com.solvd.carina.demo.IOSLoginTest">
        <test-method signature="loginTestIOS()[pri:0, instance:com.solvd.carina.demo.IOSLoginTest@70a54731]" started-at="2026-09-14T19:51:30 CEST" name="loginTestIOS" finished-at="2026-09-14T19:51:30 CEST" duration-ms="1" status="SKIP">
          <exception class="org.testng.SkipException">
            <message>
              <![CDATA[No iOS app (.app/.ipa) or bundleId configured (capabilities.app or capabilities.bundleId). Skipping iOS test.]]>
            </message>
            <full-stacktrace>
              <![CDATA[org.testng.SkipException: No iOS app (.app/.ipa) or bundleId configured (capabilities.app or capabilities.bundleId). Skipping iOS test.
at com.solvd.carina.demo.IOSLoginTest.loginTestIOS(IOSLoginTest.java:22)
at java.base/jdk.internal.reflect.DirectMethodHandleAccessor.invoke(DirectMethodHandleAccessor.java:104)
at java.base/java.lang.reflect.Method.invoke(Method.java:565)
at org.testng.internal.invokers.MethodInvocationHelper.invokeMethod(MethodInvocationHelper.java:139)
at org.testng.internal.invokers.TestInvoker.invokeMethod(TestInvoker.java:677)
at org.testng.internal.invokers.TestInvoker.invokeTestMethod(TestInvoker.java:221)
at org.testng.internal.invokers.MethodRunner.runInSequence(MethodRunner.java:50)
at org.testng.internal.invokers.TestInvoker$MethodInvocationAgent.invoke(TestInvoker.java:969)
at org.testng.internal.invokers.TestInvoker.invokeTestMethods(TestInvoker.java:194)
at org.testng.internal.invokers.TestMethodWorker.invokeTestMethods(TestMethodWorker.java:148)
at org.testng.internal.invokers.TestMethodWorker.run(TestMethodWorker.java:128)
at java.base/java.util.ArrayList.forEach(ArrayList.java:1612)
at org.testng.TestRunner.privateRun(TestRunner.java:829)
at org.testng.TestRunner.run(TestRunner.java:602)
at org.testng.SuiteRunner.runTest(SuiteRunner.java:437)
at org.testng.SuiteRunner$SuiteWorker.run(SuiteRunner.java:475)
at org.testng.internal.thread.ThreadUtil.lambda$execute$0(ThreadUtil.java:58)
at java.base/java.util.concurrent.FutureTask.run(FutureTask.java:330)
at java.base/java.util.concurrent.ThreadPoolExecutor.runWorker(ThreadPoolExecutor.java:1090)
at java.base/java.util.concurrent.ThreadPoolExecutor$Worker.run(ThreadPoolExecutor.java:614)
at java.base/java.lang.Thread.run(Thread.java:1516)
]]>
            </full-stacktrace>
          </exception> <!-- org.testng.SkipException -->
          <reporter-output>
            <line>
              <![CDATA[TEST [Mobile test - loginTestIOS] SKIPPED at [19:51:30 2026-09-14] - No iOS app (.app/.ipa) or bundleId configured (capabilities.app or capabilities.bundleId). Skipping iOS test.

com.solvd.carina.demo.IOSLoginTest.loginTestIOS(IOSLoginTest.java:22)
java.base/jdk.internal.reflect.DirectMethodHandleAccessor.invoke(DirectMethodHandleAccessor.java:104)
java.base/java.lang.reflect.Method.invoke(Method.java:565)
org.testng.internal.invokers.MethodInvocationHelper.invokeMethod(MethodInvocationHelper.java:139)
org.testng.internal.invokers.TestInvoker.invokeMethod(TestInvoker.java:677)
org.testng.internal.invokers.TestInvoker.invokeTestMethod(TestInvoker.java:221)
org.testng.internal.invokers.MethodRunner.runInSequence(MethodRunner.java:50)
org.testng.internal.invokers.TestInvoker$MethodInvocationAgent.invoke(TestInvoker.java:969)
org.testng.internal.invokers.TestInvoker.invokeTestMethods(TestInvoker.java:194)
org.testng.internal.invokers.TestMethodWorker.invokeTestMethods(TestMethodWorker.java:148)
org.testng.internal.invokers.TestMethodWorker.run(TestMethodWorker.java:128)
java.base/java.util.ArrayList.forEach(ArrayList.java:1612)
org.testng.TestRunner.privateRun(TestRunner.java:829)
org.testng.TestRunner.run(TestRunner.java:602)
org.testng.SuiteRunner.runTest(SuiteRunner.java:437)
org.testng.SuiteRunner$SuiteWorker.run(SuiteRunner.java:475)
org.testng.internal.thread.ThreadUtil.lambda$execute$0(ThreadUtil.java:58)
java.base/java.util.concurrent.FutureTask.run(FutureTask.java:330)
java.base/java.util.concurrent.ThreadPoolExecutor.runWorker(ThreadPoolExecutor.java:1090)
java.base/java.util.concurrent.ThreadPoolExecutor$Worker.run(ThreadPoolExecutor.java:614)
java.base/java.lang.Thread.run(Thread.java:1516)]]>
            </line>
          </reporter-output>
        </test-method> <!-- loginTestIOS -->
        <test-method is-config="true" signature="onCarinaAfterMethod()[pri:0, instance:com.solvd.carina.demo.IOSLoginTest@70a54731]" started-at="2026-09-14T19:51:30 CEST" name="onCarinaAfterMethod" finished-at="2026-09-14T19:51:30 CEST" duration-ms="1" status="PASS">
          <reporter-output>
          </reporter-output>
        </test-method> <!-- onCarinaAfterMethod -->
      </class> <!-- com.solvd.carina.demo.IOSLoginTest -->
      <class name="com.solvd.carina.demo.IOSAddToCartTest">
        <test-method signature="addProductToCartTestIOS()[pri:0, instance:com.solvd.carina.demo.IOSAddToCartTest@6edb2c7b]" started-at="2026-09-14T19:51:30 CEST" name="addProductToCartTestIOS" finished-at="2026-09-14T19:51:30 CEST" duration-ms="2" status="SKIP">
          <exception class="org.testng.SkipException">
            <message>
              <![CDATA[No iOS app (.app/.ipa) or bundleId configured (capabilities.app or capabilities.bundleId). Skipping iOS test.]]>
            </message>
            <full-stacktrace>
              <![CDATA[org.testng.SkipException: No iOS app (.app/.ipa) or bundleId configured (capabilities.app or capabilities.bundleId). Skipping iOS test.
at com.solvd.carina.demo.IOSAddToCartTest.addProductToCartTestIOS(IOSAddToCartTest.java:23)
at java.base/jdk.internal.reflect.DirectMethodHandleAccessor.invoke(DirectMethodHandleAccessor.java:104)
at java.base/java.lang.reflect.Method.invoke(Method.java:565)
at org.testng.internal.invokers.MethodInvocationHelper.invokeMethod(MethodInvocationHelper.java:139)
at org.testng.internal.invokers.TestInvoker.invokeMethod(TestInvoker.java:677)
at org.testng.internal.invokers.TestInvoker.invokeTestMethod(TestInvoker.java:221)
at org.testng.internal.invokers.MethodRunner.runInSequence(MethodRunner.java:50)
at org.testng.internal.invokers.TestInvoker$MethodInvocationAgent.invoke(TestInvoker.java:969)
at org.testng.internal.invokers.TestInvoker.invokeTestMethods(TestInvoker.java:194)
at org.testng.internal.invokers.TestMethodWorker.invokeTestMethods(TestMethodWorker.java:148)
at org.testng.internal.invokers.TestMethodWorker.run(TestMethodWorker.java:128)
at java.base/java.util.ArrayList.forEach(ArrayList.java:1612)
at org.testng.TestRunner.privateRun(TestRunner.java:829)
at org.testng.TestRunner.run(TestRunner.java:602)
at org.testng.SuiteRunner.runTest(SuiteRunner.java:437)
at org.testng.SuiteRunner$SuiteWorker.run(SuiteRunner.java:475)
at org.testng.internal.thread.ThreadUtil.lambda$execute$0(ThreadUtil.java:58)
at java.base/java.util.concurrent.FutureTask.run(FutureTask.java:330)
at java.base/java.util.concurrent.ThreadPoolExecutor.runWorker(ThreadPoolExecutor.java:1090)
at java.base/java.util.concurrent.ThreadPoolExecutor$Worker.run(ThreadPoolExecutor.java:614)
at java.base/java.lang.Thread.run(Thread.java:1516)
]]>
            </full-stacktrace>
          </exception> <!-- org.testng.SkipException -->
          <reporter-output>
            <line>
              <![CDATA[TEST [Mobile test - addProductToCartTestIOS] SKIPPED at [19:51:30 2026-09-14] - No iOS app (.app/.ipa) or bundleId configured (capabilities.app or capabilities.bundleId). Skipping iOS test.

com.solvd.carina.demo.IOSAddToCartTest.addProductToCartTestIOS(IOSAddToCartTest.java:23)
java.base/jdk.internal.reflect.DirectMethodHandleAccessor.invoke(DirectMethodHandleAccessor.java:104)
java.base/java.lang.reflect.Method.invoke(Method.java:565)
org.testng.internal.invokers.MethodInvocationHelper.invokeMethod(MethodInvocationHelper.java:139)
org.testng.internal.invokers.TestInvoker.invokeMethod(TestInvoker.java:677)
org.testng.internal.invokers.TestInvoker.invokeTestMethod(TestInvoker.java:221)
org.testng.internal.invokers.MethodRunner.runInSequence(MethodRunner.java:50)
org.testng.internal.invokers.TestInvoker$MethodInvocationAgent.invoke(TestInvoker.java:969)
org.testng.internal.invokers.TestInvoker.invokeTestMethods(TestInvoker.java:194)
org.testng.internal.invokers.TestMethodWorker.invokeTestMethods(TestMethodWorker.java:148)
org.testng.internal.invokers.TestMethodWorker.run(TestMethodWorker.java:128)
java.base/java.util.ArrayList.forEach(ArrayList.java:1612)
org.testng.TestRunner.privateRun(TestRunner.java:829)
org.testng.TestRunner.run(TestRunner.java:602)
org.testng.SuiteRunner.runTest(SuiteRunner.java:437)
org.testng.SuiteRunner$SuiteWorker.run(SuiteRunner.java:475)
org.testng.internal.thread.ThreadUtil.lambda$execute$0(ThreadUtil.java:58)
java.base/java.util.concurrent.FutureTask.run(FutureTask.java:330)
java.base/java.util.concurrent.ThreadPoolExecutor.runWorker(ThreadPoolExecutor.java:1090)
java.base/java.util.concurrent.ThreadPoolExecutor$Worker.run(ThreadPoolExecutor.java:614)
java.base/java.lang.Thread.run(Thread.java:1516)]]>
            </line>
          </reporter-output>
        </test-method> <!-- addProductToCartTestIOS -->
        <test-method is-config="true" signature="onCarinaAfterMethod()[pri:0, instance:com.solvd.carina.demo.IOSAddToCartTest@6edb2c7b]" started-at="2026-09-14T19:51:30 CEST" name="onCarinaAfterMethod" finished-at="2026-09-14T19:51:30 CEST" duration-ms="0" status="PASS">
          <reporter-output>
          </reporter-output>
        </test-method> <!-- onCarinaAfterMethod -->
      </class> <!-- com.solvd.carina.demo.IOSAddToCartTest -->
      <class name="com.solvd.carina.demo.IOSPreferencesTest">
        <test-method signature="nativePreferencesTest()[pri:0, instance:com.solvd.carina.demo.IOSPreferencesTest@4891d727]" started-at="2026-09-14T19:51:30 CEST" name="nativePreferencesTest" finished-at="2026-09-14T19:51:30 CEST" duration-ms="16" status="SKIP">
          <exception class="org.testng.SkipException">
            <message>
              <![CDATA[No iOS app (.app/.ipa) or bundleId configured (capabilities.app or capabilities.bundleId). Skipping iOS Preferences test.]]>
            </message>
            <full-stacktrace>
              <![CDATA[org.testng.SkipException: No iOS app (.app/.ipa) or bundleId configured (capabilities.app or capabilities.bundleId). Skipping iOS Preferences test.
at com.solvd.carina.demo.IOSPreferencesTest.nativePreferencesTest(IOSPreferencesTest.java:25)
at java.base/jdk.internal.reflect.DirectMethodHandleAccessor.invoke(DirectMethodHandleAccessor.java:104)
at java.base/java.lang.reflect.Method.invoke(Method.java:565)
at org.testng.internal.invokers.MethodInvocationHelper.invokeMethod(MethodInvocationHelper.java:139)
at org.testng.internal.invokers.TestInvoker.invokeMethod(TestInvoker.java:677)
at org.testng.internal.invokers.TestInvoker.invokeTestMethod(TestInvoker.java:221)
at org.testng.internal.invokers.MethodRunner.runInSequence(MethodRunner.java:50)
at org.testng.internal.invokers.TestInvoker$MethodInvocationAgent.invoke(TestInvoker.java:969)
at org.testng.internal.invokers.TestInvoker.invokeTestMethods(TestInvoker.java:194)
at org.testng.internal.invokers.TestMethodWorker.invokeTestMethods(TestMethodWorker.java:148)
at org.testng.internal.invokers.TestMethodWorker.run(TestMethodWorker.java:128)
at java.base/java.util.ArrayList.forEach(ArrayList.java:1612)
at org.testng.TestRunner.privateRun(TestRunner.java:829)
at org.testng.TestRunner.run(TestRunner.java:602)
at org.testng.SuiteRunner.runTest(SuiteRunner.java:437)
at org.testng.SuiteRunner$SuiteWorker.run(SuiteRunner.java:475)
at org.testng.internal.thread.ThreadUtil.lambda$execute$0(ThreadUtil.java:58)
at java.base/java.util.concurrent.FutureTask.run(FutureTask.java:330)
at java.base/java.util.concurrent.ThreadPoolExecutor.runWorker(ThreadPoolExecutor.java:1090)
at java.base/java.util.concurrent.ThreadPoolExecutor$Worker.run(ThreadPoolExecutor.java:614)
at java.base/java.lang.Thread.run(Thread.java:1516)
]]>
            </full-stacktrace>
          </exception> <!-- org.testng.SkipException -->
          <reporter-output>
            <line>
              <![CDATA[TEST [Mobile test - nativePreferencesTest] SKIPPED at [19:51:30 2026-09-14] - No iOS app (.app/.ipa) or bundleId configured (capabilities.app or capabilities.bundleId). Skipping iOS Preferences test.

com.solvd.carina.demo.IOSPreferencesTest.nativePreferencesTest(IOSPreferencesTest.java:25)
java.base/jdk.internal.reflect.DirectMethodHandleAccessor.invoke(DirectMethodHandleAccessor.java:104)
java.base/java.lang.reflect.Method.invoke(Method.java:565)
org.testng.internal.invokers.MethodInvocationHelper.invokeMethod(MethodInvocationHelper.java:139)
org.testng.internal.invokers.TestInvoker.invokeMethod(TestInvoker.java:677)
org.testng.internal.invokers.TestInvoker.invokeTestMethod(TestInvoker.java:221)
org.testng.internal.invokers.MethodRunner.runInSequence(MethodRunner.java:50)
org.testng.internal.invokers.TestInvoker$MethodInvocationAgent.invoke(TestInvoker.java:969)
org.testng.internal.invokers.TestInvoker.invokeTestMethods(TestInvoker.java:194)
org.testng.internal.invokers.TestMethodWorker.invokeTestMethods(TestMethodWorker.java:148)
org.testng.internal.invokers.TestMethodWorker.run(TestMethodWorker.java:128)
java.base/java.util.ArrayList.forEach(ArrayList.java:1612)
org.testng.TestRunner.privateRun(TestRunner.java:829)
org.testng.TestRunner.run(TestRunner.java:602)
org.testng.SuiteRunner.runTest(SuiteRunner.java:437)
org.testng.SuiteRunner$SuiteWorker.run(SuiteRunner.java:475)
org.testng.internal.thread.ThreadUtil.lambda$execute$0(ThreadUtil.java:58)
java.base/java.util.concurrent.FutureTask.run(FutureTask.java:330)
java.base/java.util.concurrent.ThreadPoolExecutor.runWorker(ThreadPoolExecutor.java:1090)
java.base/java.util.concurrent.ThreadPoolExecutor$Worker.run(ThreadPoolExecutor.java:614)
java.base/java.lang.Thread.run(Thread.java:1516)]]>
            </line>
          </reporter-output>
        </test-method> <!-- nativePreferencesTest -->
        <test-method is-config="true" signature="onCarinaAfterMethod()[pri:0, instance:com.solvd.carina.demo.IOSPreferencesTest@4891d727]" started-at="2026-09-14T19:51:30 CEST" name="onCarinaAfterMethod" finished-at="2026-09-14T19:51:30 CEST" duration-ms="2" status="PASS">
          <reporter-output>
          </reporter-output>
        </test-method> <!-- onCarinaAfterMethod -->
      </class> <!-- com.solvd.carina.demo.IOSPreferencesTest -->
      <class name="com.solvd.carina.demo.IOSNegativeLoginTest">
        <test-method signature="negativeLoginTestIOS()[pri:0, instance:com.solvd.carina.demo.IOSNegativeLoginTest@5b3ee43e]" started-at="2026-09-14T19:51:30 CEST" name="negativeLoginTestIOS" finished-at="2026-09-14T19:51:30 CEST" duration-ms="1" status="SKIP">
          <exception class="org.testng.SkipException">
            <message>
              <![CDATA[No iOS app (.app/.ipa) or bundleId configured (capabilities.app or capabilities.bundleId). Skipping iOS test.]]>
            </message>
            <full-stacktrace>
              <![CDATA[org.testng.SkipException: No iOS app (.app/.ipa) or bundleId configured (capabilities.app or capabilities.bundleId). Skipping iOS test.
at com.solvd.carina.demo.IOSNegativeLoginTest.negativeLoginTestIOS(IOSNegativeLoginTest.java:21)
at java.base/jdk.internal.reflect.DirectMethodHandleAccessor.invoke(DirectMethodHandleAccessor.java:104)
at java.base/java.lang.reflect.Method.invoke(Method.java:565)
at org.testng.internal.invokers.MethodInvocationHelper.invokeMethod(MethodInvocationHelper.java:139)
at org.testng.internal.invokers.TestInvoker.invokeMethod(TestInvoker.java:677)
at org.testng.internal.invokers.TestInvoker.invokeTestMethod(TestInvoker.java:221)
at org.testng.internal.invokers.MethodRunner.runInSequence(MethodRunner.java:50)
at org.testng.internal.invokers.TestInvoker$MethodInvocationAgent.invoke(TestInvoker.java:969)
at org.testng.internal.invokers.TestInvoker.invokeTestMethods(TestInvoker.java:194)
at org.testng.internal.invokers.TestMethodWorker.invokeTestMethods(TestMethodWorker.java:148)
at org.testng.internal.invokers.TestMethodWorker.run(TestMethodWorker.java:128)
at java.base/java.util.ArrayList.forEach(ArrayList.java:1612)
at org.testng.TestRunner.privateRun(TestRunner.java:829)
at org.testng.TestRunner.run(TestRunner.java:602)
at org.testng.SuiteRunner.runTest(SuiteRunner.java:437)
at org.testng.SuiteRunner$SuiteWorker.run(SuiteRunner.java:475)
at org.testng.internal.thread.ThreadUtil.lambda$execute$0(ThreadUtil.java:58)
at java.base/java.util.concurrent.FutureTask.run(FutureTask.java:330)
at java.base/java.util.concurrent.ThreadPoolExecutor.runWorker(ThreadPoolExecutor.java:1090)
at java.base/java.util.concurrent.ThreadPoolExecutor$Worker.run(ThreadPoolExecutor.java:614)
at java.base/java.lang.Thread.run(Thread.java:1516)
]]>
            </full-stacktrace>
          </exception> <!-- org.testng.SkipException -->
          <reporter-output>
            <line>
              <![CDATA[TEST [Mobile test - negativeLoginTestIOS] SKIPPED at [19:51:30 2026-09-14] - No iOS app (.app/.ipa) or bundleId configured (capabilities.app or capabilities.bundleId). Skipping iOS test.

com.solvd.carina.demo.IOSNegativeLoginTest.negativeLoginTestIOS(IOSNegativeLoginTest.java:21)
java.base/jdk.internal.reflect.DirectMethodHandleAccessor.invoke(DirectMethodHandleAccessor.java:104)
java.base/java.lang.reflect.Method.invoke(Method.java:565)
org.testng.internal.invokers.MethodInvocationHelper.invokeMethod(MethodInvocationHelper.java:139)
org.testng.internal.invokers.TestInvoker.invokeMethod(TestInvoker.java:677)
org.testng.internal.invokers.TestInvoker.invokeTestMethod(TestInvoker.java:221)
org.testng.internal.invokers.MethodRunner.runInSequence(MethodRunner.java:50)
org.testng.internal.invokers.TestInvoker$MethodInvocationAgent.invoke(TestInvoker.java:969)
org.testng.internal.invokers.TestInvoker.invokeTestMethods(TestInvoker.java:194)
org.testng.internal.invokers.TestMethodWorker.invokeTestMethods(TestMethodWorker.java:148)
org.testng.internal.invokers.TestMethodWorker.run(TestMethodWorker.java:128)
java.base/java.util.ArrayList.forEach(ArrayList.java:1612)
org.testng.TestRunner.privateRun(TestRunner.java:829)
org.testng.TestRunner.run(TestRunner.java:602)
org.testng.SuiteRunner.runTest(SuiteRunner.java:437)
org.testng.SuiteRunner$SuiteWorker.run(SuiteRunner.java:475)
org.testng.internal.thread.ThreadUtil.lambda$execute$0(ThreadUtil.java:58)
java.base/java.util.concurrent.FutureTask.run(FutureTask.java:330)
java.base/java.util.concurrent.ThreadPoolExecutor.runWorker(ThreadPoolExecutor.java:1090)
java.base/java.util.concurrent.ThreadPoolExecutor$Worker.run(ThreadPoolExecutor.java:614)
java.base/java.lang.Thread.run(Thread.java:1516)]]>
            </line>
          </reporter-output>
        </test-method> <!-- negativeLoginTestIOS -->
        <test-method is-config="true" signature="onCarinaAfterMethod()[pri:0, instance:com.solvd.carina.demo.IOSNegativeLoginTest@5b3ee43e]" started-at="2026-09-14T19:51:30 CEST" name="onCarinaAfterMethod" finished-at="2026-09-14T19:51:30 CEST" duration-ms="0" status="PASS">
          <reporter-output>
          </reporter-output>
        </test-method> <!-- onCarinaAfterMethod -->
      </class> <!-- com.solvd.carina.demo.IOSNegativeLoginTest -->
      <class name="com.solvd.carina.demo.IOSCheckoutTest">
        <test-method signature="checkoutTestIOS()[pri:0, instance:com.solvd.carina.demo.IOSCheckoutTest@6369d01c]" started-at="2026-09-14T19:51:30 CEST" name="checkoutTestIOS" finished-at="2026-09-14T19:51:30 CEST" duration-ms="2" status="SKIP">
          <exception class="org.testng.SkipException">
            <message>
              <![CDATA[No iOS app (.app/.ipa) or bundleId configured (capabilities.app or capabilities.bundleId). Skipping iOS test.]]>
            </message>
            <full-stacktrace>
              <![CDATA[org.testng.SkipException: No iOS app (.app/.ipa) or bundleId configured (capabilities.app or capabilities.bundleId). Skipping iOS test.
at com.solvd.carina.demo.IOSCheckoutTest.checkoutTestIOS(IOSCheckoutTest.java:24)
at java.base/jdk.internal.reflect.DirectMethodHandleAccessor.invoke(DirectMethodHandleAccessor.java:104)
at java.base/java.lang.reflect.Method.invoke(Method.java:565)
at org.testng.internal.invokers.MethodInvocationHelper.invokeMethod(MethodInvocationHelper.java:139)
at org.testng.internal.invokers.TestInvoker.invokeMethod(TestInvoker.java:677)
at org.testng.internal.invokers.TestInvoker.invokeTestMethod(TestInvoker.java:221)
at org.testng.internal.invokers.MethodRunner.runInSequence(MethodRunner.java:50)
at org.testng.internal.invokers.TestInvoker$MethodInvocationAgent.invoke(TestInvoker.java:969)
at org.testng.internal.invokers.TestInvoker.invokeTestMethods(TestInvoker.java:194)
at org.testng.internal.invokers.TestMethodWorker.invokeTestMethods(TestMethodWorker.java:148)
at org.testng.internal.invokers.TestMethodWorker.run(TestMethodWorker.java:128)
at java.base/java.util.ArrayList.forEach(ArrayList.java:1612)
at org.testng.TestRunner.privateRun(TestRunner.java:829)
at org.testng.TestRunner.run(TestRunner.java:602)
at org.testng.SuiteRunner.runTest(SuiteRunner.java:437)
at org.testng.SuiteRunner$SuiteWorker.run(SuiteRunner.java:475)
at org.testng.internal.thread.ThreadUtil.lambda$execute$0(ThreadUtil.java:58)
at java.base/java.util.concurrent.FutureTask.run(FutureTask.java:330)
at java.base/java.util.concurrent.ThreadPoolExecutor.runWorker(ThreadPoolExecutor.java:1090)
at java.base/java.util.concurrent.ThreadPoolExecutor$Worker.run(ThreadPoolExecutor.java:614)
at java.base/java.lang.Thread.run(Thread.java:1516)
]]>
            </full-stacktrace>
          </exception> <!-- org.testng.SkipException -->
          <reporter-output>
            <line>
              <![CDATA[TEST [Mobile test - checkoutTestIOS] SKIPPED at [19:51:30 2026-09-14] - No iOS app (.app/.ipa) or bundleId configured (capabilities.app or capabilities.bundleId). Skipping iOS test.

com.solvd.carina.demo.IOSCheckoutTest.checkoutTestIOS(IOSCheckoutTest.java:24)
java.base/jdk.internal.reflect.DirectMethodHandleAccessor.invoke(DirectMethodHandleAccessor.java:104)
java.base/java.lang.reflect.Method.invoke(Method.java:565)
org.testng.internal.invokers.MethodInvocationHelper.invokeMethod(MethodInvocationHelper.java:139)
org.testng.internal.invokers.TestInvoker.invokeMethod(TestInvoker.java:677)
org.testng.internal.invokers.TestInvoker.invokeTestMethod(TestInvoker.java:221)
org.testng.internal.invokers.MethodRunner.runInSequence(MethodRunner.java:50)
org.testng.internal.invokers.TestInvoker$MethodInvocationAgent.invoke(TestInvoker.java:969)
org.testng.internal.invokers.TestInvoker.invokeTestMethods(TestInvoker.java:194)
org.testng.internal.invokers.TestMethodWorker.invokeTestMethods(TestMethodWorker.java:148)
org.testng.internal.invokers.TestMethodWorker.run(TestMethodWorker.java:128)
java.base/java.util.ArrayList.forEach(ArrayList.java:1612)
org.testng.TestRunner.privateRun(TestRunner.java:829)
org.testng.TestRunner.run(TestRunner.java:602)
org.testng.SuiteRunner.runTest(SuiteRunner.java:437)
org.testng.SuiteRunner$SuiteWorker.run(SuiteRunner.java:475)
org.testng.internal.thread.ThreadUtil.lambda$execute$0(ThreadUtil.java:58)
java.base/java.util.concurrent.FutureTask.run(FutureTask.java:330)
java.base/java.util.concurrent.ThreadPoolExecutor.runWorker(ThreadPoolExecutor.java:1090)
java.base/java.util.concurrent.ThreadPoolExecutor$Worker.run(ThreadPoolExecutor.java:614)
java.base/java.lang.Thread.run(Thread.java:1516)]]>
            </line>
          </reporter-output>
        </test-method> <!-- checkoutTestIOS -->
        <test-method is-config="true" signature="onCarinaAfterMethod()[pri:0, instance:com.solvd.carina.demo.IOSCheckoutTest@6369d01c]" started-at="2026-09-14T19:51:30 CEST" name="onCarinaAfterMethod" finished-at="2026-09-14T19:51:30 CEST" duration-ms="0" status="PASS">
          <reporter-output>
          </reporter-output>
        </test-method> <!-- onCarinaAfterMethod -->
      </class> <!-- com.solvd.carina.demo.IOSCheckoutTest -->
      <class name="com.solvd.carina.demo.IOSContinueShoppingTest">
        <test-method signature="continueShoppingTestIOS()[pri:0, instance:com.solvd.carina.demo.IOSContinueShoppingTest@ea0c99c]" started-at="2026-09-14T19:51:30 CEST" name="continueShoppingTestIOS" finished-at="2026-09-14T19:51:30 CEST" duration-ms="2" status="SKIP">
          <exception class="org.testng.SkipException">
            <message>
              <![CDATA[No iOS app (.app/.ipa) or bundleId configured (capabilities.app or capabilities.bundleId). Skipping iOS test.]]>
            </message>
            <full-stacktrace>
              <![CDATA[org.testng.SkipException: No iOS app (.app/.ipa) or bundleId configured (capabilities.app or capabilities.bundleId). Skipping iOS test.
at com.solvd.carina.demo.IOSContinueShoppingTest.continueShoppingTestIOS(IOSContinueShoppingTest.java:23)
at java.base/jdk.internal.reflect.DirectMethodHandleAccessor.invoke(DirectMethodHandleAccessor.java:104)
at java.base/java.lang.reflect.Method.invoke(Method.java:565)
at org.testng.internal.invokers.MethodInvocationHelper.invokeMethod(MethodInvocationHelper.java:139)
at org.testng.internal.invokers.TestInvoker.invokeMethod(TestInvoker.java:677)
at org.testng.internal.invokers.TestInvoker.invokeTestMethod(TestInvoker.java:221)
at org.testng.internal.invokers.MethodRunner.runInSequence(MethodRunner.java:50)
at org.testng.internal.invokers.TestInvoker$MethodInvocationAgent.invoke(TestInvoker.java:969)
at org.testng.internal.invokers.TestInvoker.invokeTestMethods(TestInvoker.java:194)
at org.testng.internal.invokers.TestMethodWorker.invokeTestMethods(TestMethodWorker.java:148)
at org.testng.internal.invokers.TestMethodWorker.run(TestMethodWorker.java:128)
at java.base/java.util.ArrayList.forEach(ArrayList.java:1612)
at org.testng.TestRunner.privateRun(TestRunner.java:829)
at org.testng.TestRunner.run(TestRunner.java:602)
at org.testng.SuiteRunner.runTest(SuiteRunner.java:437)
at org.testng.SuiteRunner$SuiteWorker.run(SuiteRunner.java:475)
at org.testng.internal.thread.ThreadUtil.lambda$execute$0(ThreadUtil.java:58)
at java.base/java.util.concurrent.FutureTask.run(FutureTask.java:330)
at java.base/java.util.concurrent.ThreadPoolExecutor.runWorker(ThreadPoolExecutor.java:1090)
at java.base/java.util.concurrent.ThreadPoolExecutor$Worker.run(ThreadPoolExecutor.java:614)
at java.base/java.lang.Thread.run(Thread.java:1516)
]]>
            </full-stacktrace>
          </exception> <!-- org.testng.SkipException -->
          <reporter-output>
            <line>
              <![CDATA[TEST [Mobile test - continueShoppingTestIOS] SKIPPED at [19:51:30 2026-09-14] - No iOS app (.app/.ipa) or bundleId configured (capabilities.app or capabilities.bundleId). Skipping iOS test.

com.solvd.carina.demo.IOSContinueShoppingTest.continueShoppingTestIOS(IOSContinueShoppingTest.java:23)
java.base/jdk.internal.reflect.DirectMethodHandleAccessor.invoke(DirectMethodHandleAccessor.java:104)
java.base/java.lang.reflect.Method.invoke(Method.java:565)
org.testng.internal.invokers.MethodInvocationHelper.invokeMethod(MethodInvocationHelper.java:139)
org.testng.internal.invokers.TestInvoker.invokeMethod(TestInvoker.java:677)
org.testng.internal.invokers.TestInvoker.invokeTestMethod(TestInvoker.java:221)
org.testng.internal.invokers.MethodRunner.runInSequence(MethodRunner.java:50)
org.testng.internal.invokers.TestInvoker$MethodInvocationAgent.invoke(TestInvoker.java:969)
org.testng.internal.invokers.TestInvoker.invokeTestMethods(TestInvoker.java:194)
org.testng.internal.invokers.TestMethodWorker.invokeTestMethods(TestMethodWorker.java:148)
org.testng.internal.invokers.TestMethodWorker.run(TestMethodWorker.java:128)
java.base/java.util.ArrayList.forEach(ArrayList.java:1612)
org.testng.TestRunner.privateRun(TestRunner.java:829)
org.testng.TestRunner.run(TestRunner.java:602)
org.testng.SuiteRunner.runTest(SuiteRunner.java:437)
org.testng.SuiteRunner$SuiteWorker.run(SuiteRunner.java:475)
org.testng.internal.thread.ThreadUtil.lambda$execute$0(ThreadUtil.java:58)
java.base/java.util.concurrent.FutureTask.run(FutureTask.java:330)
java.base/java.util.concurrent.ThreadPoolExecutor.runWorker(ThreadPoolExecutor.java:1090)
java.base/java.util.concurrent.ThreadPoolExecutor$Worker.run(ThreadPoolExecutor.java:614)
java.base/java.lang.Thread.run(Thread.java:1516)]]>
            </line>
          </reporter-output>
        </test-method> <!-- continueShoppingTestIOS -->
        <test-method is-config="true" signature="onCarinaAfterMethod()[pri:0, instance:com.solvd.carina.demo.IOSContinueShoppingTest@ea0c99c]" started-at="2026-09-14T19:51:30 CEST" name="onCarinaAfterMethod" finished-at="2026-09-14T19:51:30 CEST" duration-ms="0" status="PASS">
          <reporter-output>
          </reporter-output>
        </test-method> <!-- onCarinaAfterMethod -->
      </class> <!-- com.solvd.carina.demo.IOSContinueShoppingTest -->
      <class name="com.solvd.carina.demo.IOSRemoveFromCartTest">
        <test-method signature="removeFromCartTestIOS()[pri:0, instance:com.solvd.carina.demo.IOSRemoveFromCartTest@167bb934]" started-at="2026-09-14T19:51:30 CEST" name="removeFromCartTestIOS" finished-at="2026-09-14T19:51:30 CEST" duration-ms="1" status="SKIP">
          <exception class="org.testng.SkipException">
            <message>
              <![CDATA[No iOS app (.app/.ipa) or bundleId configured (capabilities.app or capabilities.bundleId). Skipping iOS test.]]>
            </message>
            <full-stacktrace>
              <![CDATA[org.testng.SkipException: No iOS app (.app/.ipa) or bundleId configured (capabilities.app or capabilities.bundleId). Skipping iOS test.
at com.solvd.carina.demo.IOSRemoveFromCartTest.removeFromCartTestIOS(IOSRemoveFromCartTest.java:23)
at java.base/jdk.internal.reflect.DirectMethodHandleAccessor.invoke(DirectMethodHandleAccessor.java:104)
at java.base/java.lang.reflect.Method.invoke(Method.java:565)
at org.testng.internal.invokers.MethodInvocationHelper.invokeMethod(MethodInvocationHelper.java:139)
at org.testng.internal.invokers.TestInvoker.invokeMethod(TestInvoker.java:677)
at org.testng.internal.invokers.TestInvoker.invokeTestMethod(TestInvoker.java:221)
at org.testng.internal.invokers.MethodRunner.runInSequence(MethodRunner.java:50)
at org.testng.internal.invokers.TestInvoker$MethodInvocationAgent.invoke(TestInvoker.java:969)
at org.testng.internal.invokers.TestInvoker.invokeTestMethods(TestInvoker.java:194)
at org.testng.internal.invokers.TestMethodWorker.invokeTestMethods(TestMethodWorker.java:148)
at org.testng.internal.invokers.TestMethodWorker.run(TestMethodWorker.java:128)
at java.base/java.util.ArrayList.forEach(ArrayList.java:1612)
at org.testng.TestRunner.privateRun(TestRunner.java:829)
at org.testng.TestRunner.run(TestRunner.java:602)
at org.testng.SuiteRunner.runTest(SuiteRunner.java:437)
at org.testng.SuiteRunner$SuiteWorker.run(SuiteRunner.java:475)
at org.testng.internal.thread.ThreadUtil.lambda$execute$0(ThreadUtil.java:58)
at java.base/java.util.concurrent.FutureTask.run(FutureTask.java:330)
at java.base/java.util.concurrent.ThreadPoolExecutor.runWorker(ThreadPoolExecutor.java:1090)
at java.base/java.util.concurrent.ThreadPoolExecutor$Worker.run(ThreadPoolExecutor.java:614)
at java.base/java.lang.Thread.run(Thread.java:1516)
]]>
            </full-stacktrace>
          </exception> <!-- org.testng.SkipException -->
          <reporter-output>
            <line>
              <![CDATA[TEST [Mobile test - removeFromCartTestIOS] SKIPPED at [19:51:30 2026-09-14] - No iOS app (.app/.ipa) or bundleId configured (capabilities.app or capabilities.bundleId). Skipping iOS test.

com.solvd.carina.demo.IOSRemoveFromCartTest.removeFromCartTestIOS(IOSRemoveFromCartTest.java:23)
java.base/jdk.internal.reflect.DirectMethodHandleAccessor.invoke(DirectMethodHandleAccessor.java:104)
java.base/java.lang.reflect.Method.invoke(Method.java:565)
org.testng.internal.invokers.MethodInvocationHelper.invokeMethod(MethodInvocationHelper.java:139)
org.testng.internal.invokers.TestInvoker.invokeMethod(TestInvoker.java:677)
org.testng.internal.invokers.TestInvoker.invokeTestMethod(TestInvoker.java:221)
org.testng.internal.invokers.MethodRunner.runInSequence(MethodRunner.java:50)
org.testng.internal.invokers.TestInvoker$MethodInvocationAgent.invoke(TestInvoker.java:969)
org.testng.internal.invokers.TestInvoker.invokeTestMethods(TestInvoker.java:194)
org.testng.internal.invokers.TestMethodWorker.invokeTestMethods(TestMethodWorker.java:148)
org.testng.internal.invokers.TestMethodWorker.run(TestMethodWorker.java:128)
java.base/java.util.ArrayList.forEach(ArrayList.java:1612)
org.testng.TestRunner.privateRun(TestRunner.java:829)
org.testng.TestRunner.run(TestRunner.java:602)
org.testng.SuiteRunner.runTest(SuiteRunner.java:437)
org.testng.SuiteRunner$SuiteWorker.run(SuiteRunner.java:475)
org.testng.internal.thread.ThreadUtil.lambda$execute$0(ThreadUtil.java:58)
java.base/java.util.concurrent.FutureTask.run(FutureTask.java:330)
java.base/java.util.concurrent.ThreadPoolExecutor.runWorker(ThreadPoolExecutor.java:1090)
java.base/java.util.concurrent.ThreadPoolExecutor$Worker.run(ThreadPoolExecutor.java:614)
java.base/java.lang.Thread.run(Thread.java:1516)]]>
            </line>
          </reporter-output>
        </test-method> <!-- removeFromCartTestIOS -->
        <test-method is-config="true" signature="onCarinaAfterMethod()[pri:0, instance:com.solvd.carina.demo.IOSRemoveFromCartTest@167bb934]" started-at="2026-09-14T19:51:30 CEST" name="onCarinaAfterMethod" finished-at="2026-09-14T19:51:30 CEST" duration-ms="0" status="PASS">
          <reporter-output>
          </reporter-output>
        </test-method> <!-- onCarinaAfterMethod -->
      </class> <!-- com.solvd.carina.demo.IOSRemoveFromCartTest -->
      <class name="com.solvd.carina.demo.IOSMultipleProductsTest">
        <test-method signature="multipleProductsTestIOS()[pri:0, instance:com.solvd.carina.demo.IOSMultipleProductsTest@3b3f62d7]" started-at="2026-09-14T19:51:30 CEST" name="multipleProductsTestIOS" finished-at="2026-09-14T19:51:30 CEST" duration-ms="2" status="SKIP">
          <exception class="org.testng.SkipException">
            <message>
              <![CDATA[No iOS app (.app/.ipa) or bundleId configured (capabilities.app or capabilities.bundleId). Skipping iOS test.]]>
            </message>
            <full-stacktrace>
              <![CDATA[org.testng.SkipException: No iOS app (.app/.ipa) or bundleId configured (capabilities.app or capabilities.bundleId). Skipping iOS test.
at com.solvd.carina.demo.IOSMultipleProductsTest.multipleProductsTestIOS(IOSMultipleProductsTest.java:23)
at java.base/jdk.internal.reflect.DirectMethodHandleAccessor.invoke(DirectMethodHandleAccessor.java:104)
at java.base/java.lang.reflect.Method.invoke(Method.java:565)
at org.testng.internal.invokers.MethodInvocationHelper.invokeMethod(MethodInvocationHelper.java:139)
at org.testng.internal.invokers.TestInvoker.invokeMethod(TestInvoker.java:677)
at org.testng.internal.invokers.TestInvoker.invokeTestMethod(TestInvoker.java:221)
at org.testng.internal.invokers.MethodRunner.runInSequence(MethodRunner.java:50)
at org.testng.internal.invokers.TestInvoker$MethodInvocationAgent.invoke(TestInvoker.java:969)
at org.testng.internal.invokers.TestInvoker.invokeTestMethods(TestInvoker.java:194)
at org.testng.internal.invokers.TestMethodWorker.invokeTestMethods(TestMethodWorker.java:148)
at org.testng.internal.invokers.TestMethodWorker.run(TestMethodWorker.java:128)
at java.base/java.util.ArrayList.forEach(ArrayList.java:1612)
at org.testng.TestRunner.privateRun(TestRunner.java:829)
at org.testng.TestRunner.run(TestRunner.java:602)
at org.testng.SuiteRunner.runTest(SuiteRunner.java:437)
at org.testng.SuiteRunner$SuiteWorker.run(SuiteRunner.java:475)
at org.testng.internal.thread.ThreadUtil.lambda$execute$0(ThreadUtil.java:58)
at java.base/java.util.concurrent.FutureTask.run(FutureTask.java:330)
at java.base/java.util.concurrent.ThreadPoolExecutor.runWorker(ThreadPoolExecutor.java:1090)
at java.base/java.util.concurrent.ThreadPoolExecutor$Worker.run(ThreadPoolExecutor.java:614)
at java.base/java.lang.Thread.run(Thread.java:1516)
]]>
            </full-stacktrace>
          </exception> <!-- org.testng.SkipException -->
          <reporter-output>
            <line>
              <![CDATA[TEST [Mobile test - multipleProductsTestIOS] SKIPPED at [19:51:30 2026-09-14] - No iOS app (.app/.ipa) or bundleId configured (capabilities.app or capabilities.bundleId). Skipping iOS test.

com.solvd.carina.demo.IOSMultipleProductsTest.multipleProductsTestIOS(IOSMultipleProductsTest.java:23)
java.base/jdk.internal.reflect.DirectMethodHandleAccessor.invoke(DirectMethodHandleAccessor.java:104)
java.base/java.lang.reflect.Method.invoke(Method.java:565)
org.testng.internal.invokers.MethodInvocationHelper.invokeMethod(MethodInvocationHelper.java:139)
org.testng.internal.invokers.TestInvoker.invokeMethod(TestInvoker.java:677)
org.testng.internal.invokers.TestInvoker.invokeTestMethod(TestInvoker.java:221)
org.testng.internal.invokers.MethodRunner.runInSequence(MethodRunner.java:50)
org.testng.internal.invokers.TestInvoker$MethodInvocationAgent.invoke(TestInvoker.java:969)
org.testng.internal.invokers.TestInvoker.invokeTestMethods(TestInvoker.java:194)
org.testng.internal.invokers.TestMethodWorker.invokeTestMethods(TestMethodWorker.java:148)
org.testng.internal.invokers.TestMethodWorker.run(TestMethodWorker.java:128)
java.base/java.util.ArrayList.forEach(ArrayList.java:1612)
org.testng.TestRunner.privateRun(TestRunner.java:829)
org.testng.TestRunner.run(TestRunner.java:602)
org.testng.SuiteRunner.runTest(SuiteRunner.java:437)
org.testng.SuiteRunner$SuiteWorker.run(SuiteRunner.java:475)
org.testng.internal.thread.ThreadUtil.lambda$execute$0(ThreadUtil.java:58)
java.base/java.util.concurrent.FutureTask.run(FutureTask.java:330)
java.base/java.util.concurrent.ThreadPoolExecutor.runWorker(ThreadPoolExecutor.java:1090)
java.base/java.util.concurrent.ThreadPoolExecutor$Worker.run(ThreadPoolExecutor.java:614)
java.base/java.lang.Thread.run(Thread.java:1516)]]>
            </line>
          </reporter-output>
        </test-method> <!-- multipleProductsTestIOS -->
        <test-method is-config="true" signature="onCarinaAfterMethod()[pri:0, instance:com.solvd.carina.demo.IOSMultipleProductsTest@3b3f62d7]" started-at="2026-09-14T19:51:30 CEST" name="onCarinaAfterMethod" finished-at="2026-09-14T19:51:30 CEST" duration-ms="0" status="PASS">
          <reporter-output>
          </reporter-output>
        </test-method> <!-- onCarinaAfterMethod -->
      </class> <!-- com.solvd.carina.demo.IOSMultipleProductsTest -->
      <class name="com.solvd.carina.demo.IOSLogoutTest">
        <test-method signature="logoutTestIOS()[pri:0, instance:com.solvd.carina.demo.IOSLogoutTest@36d5c2ce]" started-at="2026-09-14T19:51:30 CEST" name="logoutTestIOS" finished-at="2026-09-14T19:51:30 CEST" duration-ms="2" status="SKIP">
          <exception class="org.testng.SkipException">
            <message>
              <![CDATA[No iOS app (.app/.ipa) or bundleId configured (capabilities.app or capabilities.bundleId). Skipping iOS test.]]>
            </message>
            <full-stacktrace>
              <![CDATA[org.testng.SkipException: No iOS app (.app/.ipa) or bundleId configured (capabilities.app or capabilities.bundleId). Skipping iOS test.
at com.solvd.carina.demo.IOSLogoutTest.logoutTestIOS(IOSLogoutTest.java:22)
at java.base/jdk.internal.reflect.DirectMethodHandleAccessor.invoke(DirectMethodHandleAccessor.java:104)
at java.base/java.lang.reflect.Method.invoke(Method.java:565)
at org.testng.internal.invokers.MethodInvocationHelper.invokeMethod(MethodInvocationHelper.java:139)
at org.testng.internal.invokers.TestInvoker.invokeMethod(TestInvoker.java:677)
at org.testng.internal.invokers.TestInvoker.invokeTestMethod(TestInvoker.java:221)
at org.testng.internal.invokers.MethodRunner.runInSequence(MethodRunner.java:50)
at org.testng.internal.invokers.TestInvoker$MethodInvocationAgent.invoke(TestInvoker.java:969)
at org.testng.internal.invokers.TestInvoker.invokeTestMethods(TestInvoker.java:194)
at org.testng.internal.invokers.TestMethodWorker.invokeTestMethods(TestMethodWorker.java:148)
at org.testng.internal.invokers.TestMethodWorker.run(TestMethodWorker.java:128)
at java.base/java.util.ArrayList.forEach(ArrayList.java:1612)
at org.testng.TestRunner.privateRun(TestRunner.java:829)
at org.testng.TestRunner.run(TestRunner.java:602)
at org.testng.SuiteRunner.runTest(SuiteRunner.java:437)
at org.testng.SuiteRunner$SuiteWorker.run(SuiteRunner.java:475)
at org.testng.internal.thread.ThreadUtil.lambda$execute$0(ThreadUtil.java:58)
at java.base/java.util.concurrent.FutureTask.run(FutureTask.java:330)
at java.base/java.util.concurrent.ThreadPoolExecutor.runWorker(ThreadPoolExecutor.java:1090)
at java.base/java.util.concurrent.ThreadPoolExecutor$Worker.run(ThreadPoolExecutor.java:614)
at java.base/java.lang.Thread.run(Thread.java:1516)
]]>
            </full-stacktrace>
          </exception> <!-- org.testng.SkipException -->
          <reporter-output>
            <line>
              <![CDATA[TEST [Mobile test - logoutTestIOS] SKIPPED at [19:51:30 2026-09-14] - No iOS app (.app/.ipa) or bundleId configured (capabilities.app or capabilities.bundleId). Skipping iOS test.

com.solvd.carina.demo.IOSLogoutTest.logoutTestIOS(IOSLogoutTest.java:22)
java.base/jdk.internal.reflect.DirectMethodHandleAccessor.invoke(DirectMethodHandleAccessor.java:104)
java.base/java.lang.reflect.Method.invoke(Method.java:565)
org.testng.internal.invokers.MethodInvocationHelper.invokeMethod(MethodInvocationHelper.java:139)
org.testng.internal.invokers.TestInvoker.invokeMethod(TestInvoker.java:677)
org.testng.internal.invokers.TestInvoker.invokeTestMethod(TestInvoker.java:221)
org.testng.internal.invokers.MethodRunner.runInSequence(MethodRunner.java:50)
org.testng.internal.invokers.TestInvoker$MethodInvocationAgent.invoke(TestInvoker.java:969)
org.testng.internal.invokers.TestInvoker.invokeTestMethods(TestInvoker.java:194)
org.testng.internal.invokers.TestMethodWorker.invokeTestMethods(TestMethodWorker.java:148)
org.testng.internal.invokers.TestMethodWorker.run(TestMethodWorker.java:128)
java.base/java.util.ArrayList.forEach(ArrayList.java:1612)
org.testng.TestRunner.privateRun(TestRunner.java:829)
org.testng.TestRunner.run(TestRunner.java:602)
org.testng.SuiteRunner.runTest(SuiteRunner.java:437)
org.testng.SuiteRunner$SuiteWorker.run(SuiteRunner.java:475)
org.testng.internal.thread.ThreadUtil.lambda$execute$0(ThreadUtil.java:58)
java.base/java.util.concurrent.FutureTask.run(FutureTask.java:330)
java.base/java.util.concurrent.ThreadPoolExecutor.runWorker(ThreadPoolExecutor.java:1090)
java.base/java.util.concurrent.ThreadPoolExecutor$Worker.run(ThreadPoolExecutor.java:614)
java.base/java.lang.Thread.run(Thread.java:1516)]]>
            </line>
          </reporter-output>
        </test-method> <!-- logoutTestIOS -->
        <test-method is-config="true" signature="onCarinaAfterMethod()[pri:0, instance:com.solvd.carina.demo.IOSLogoutTest@36d5c2ce]" started-at="2026-09-14T19:51:30 CEST" name="onCarinaAfterMethod" finished-at="2026-09-14T19:51:30 CEST" duration-ms="1" status="PASS">
          <reporter-output>
          </reporter-output>
        </test-method> <!-- onCarinaAfterMethod -->
      </class> <!-- com.solvd.carina.demo.IOSLogoutTest -->
      <class name="com.solvd.carina.demo.IOSDragAndDropTest">
        <test-method signature="testDragAndDropIOS()[pri:0, instance:com.solvd.carina.demo.IOSDragAndDropTest@63c6c5e5]" started-at="2026-09-14T19:51:30 CEST" name="testDragAndDropIOS" finished-at="2026-09-14T19:51:30 CEST" duration-ms="3" status="SKIP">
          <exception class="org.testng.SkipException">
            <message>
              <![CDATA[No iOS app (.app/.ipa) or bundleId configured (capabilities.app or capabilities.bundleId). Skipping iOS drag-and-drop test.]]>
            </message>
            <full-stacktrace>
              <![CDATA[org.testng.SkipException: No iOS app (.app/.ipa) or bundleId configured (capabilities.app or capabilities.bundleId). Skipping iOS drag-and-drop test.
at com.solvd.carina.demo.IOSDragAndDropTest.testDragAndDropIOS(IOSDragAndDropTest.java:22)
at java.base/jdk.internal.reflect.DirectMethodHandleAccessor.invoke(DirectMethodHandleAccessor.java:104)
at java.base/java.lang.reflect.Method.invoke(Method.java:565)
at org.testng.internal.invokers.MethodInvocationHelper.invokeMethod(MethodInvocationHelper.java:139)
at org.testng.internal.invokers.TestInvoker.invokeMethod(TestInvoker.java:677)
at org.testng.internal.invokers.TestInvoker.invokeTestMethod(TestInvoker.java:221)
at org.testng.internal.invokers.MethodRunner.runInSequence(MethodRunner.java:50)
at org.testng.internal.invokers.TestInvoker$MethodInvocationAgent.invoke(TestInvoker.java:969)
at org.testng.internal.invokers.TestInvoker.invokeTestMethods(TestInvoker.java:194)
at org.testng.internal.invokers.TestMethodWorker.invokeTestMethods(TestMethodWorker.java:148)
at org.testng.internal.invokers.TestMethodWorker.run(TestMethodWorker.java:128)
at java.base/java.util.ArrayList.forEach(ArrayList.java:1612)
at org.testng.TestRunner.privateRun(TestRunner.java:829)
at org.testng.TestRunner.run(TestRunner.java:602)
at org.testng.SuiteRunner.runTest(SuiteRunner.java:437)
at org.testng.SuiteRunner$SuiteWorker.run(SuiteRunner.java:475)
at org.testng.internal.thread.ThreadUtil.lambda$execute$0(ThreadUtil.java:58)
at java.base/java.util.concurrent.FutureTask.run(FutureTask.java:330)
at java.base/java.util.concurrent.ThreadPoolExecutor.runWorker(ThreadPoolExecutor.java:1090)
at java.base/java.util.concurrent.ThreadPoolExecutor$Worker.run(ThreadPoolExecutor.java:614)
at java.base/java.lang.Thread.run(Thread.java:1516)
]]>
            </full-stacktrace>
          </exception> <!-- org.testng.SkipException -->
          <reporter-output>
            <line>
              <![CDATA[TEST [Mobile test - testDragAndDropIOS] SKIPPED at [19:51:30 2026-09-14] - No iOS app (.app/.ipa) or bundleId configured (capabilities.app or capabilities.bundleId). Skipping iOS drag-and-drop test.

com.solvd.carina.demo.IOSDragAndDropTest.testDragAndDropIOS(IOSDragAndDropTest.java:22)
java.base/jdk.internal.reflect.DirectMethodHandleAccessor.invoke(DirectMethodHandleAccessor.java:104)
java.base/java.lang.reflect.Method.invoke(Method.java:565)
org.testng.internal.invokers.MethodInvocationHelper.invokeMethod(MethodInvocationHelper.java:139)
org.testng.internal.invokers.TestInvoker.invokeMethod(TestInvoker.java:677)
org.testng.internal.invokers.TestInvoker.invokeTestMethod(TestInvoker.java:221)
org.testng.internal.invokers.MethodRunner.runInSequence(MethodRunner.java:50)
org.testng.internal.invokers.TestInvoker$MethodInvocationAgent.invoke(TestInvoker.java:969)
org.testng.internal.invokers.TestInvoker.invokeTestMethods(TestInvoker.java:194)
org.testng.internal.invokers.TestMethodWorker.invokeTestMethods(TestMethodWorker.java:148)
org.testng.internal.invokers.TestMethodWorker.run(TestMethodWorker.java:128)
java.base/java.util.ArrayList.forEach(ArrayList.java:1612)
org.testng.TestRunner.privateRun(TestRunner.java:829)
org.testng.TestRunner.run(TestRunner.java:602)
org.testng.SuiteRunner.runTest(SuiteRunner.java:437)
org.testng.SuiteRunner$SuiteWorker.run(SuiteRunner.java:475)
org.testng.internal.thread.ThreadUtil.lambda$execute$0(ThreadUtil.java:58)
java.base/java.util.concurrent.FutureTask.run(FutureTask.java:330)
java.base/java.util.concurrent.ThreadPoolExecutor.runWorker(ThreadPoolExecutor.java:1090)
java.base/java.util.concurrent.ThreadPoolExecutor$Worker.run(ThreadPoolExecutor.java:614)
java.base/java.lang.Thread.run(Thread.java:1516)]]>
            </line>
          </reporter-output>
        </test-method> <!-- testDragAndDropIOS -->
        <test-method is-config="true" signature="onCarinaAfterMethod()[pri:0, instance:com.solvd.carina.demo.IOSDragAndDropTest@63c6c5e5]" started-at="2026-09-14T19:51:30 CEST" name="onCarinaAfterMethod" finished-at="2026-09-14T19:51:30 CEST" duration-ms="0" status="PASS">
          <reporter-output>
          </reporter-output>
        </test-method> <!-- onCarinaAfterMethod -->
      </class> <!-- com.solvd.carina.demo.IOSDragAndDropTest -->
    </test> <!-- Mobile test -->
  </suite> <!-- Carina Demo Tests - Mobile Sample (iOS) -->
</testng-results>
