<?xml version="1.0" encoding="UTF-8"?>
<testng-results ignored="0" total="1" passed="0" failed="1" skipped="0">
  <reporter-output>
    <line>
      <![CDATA[TEST [Surefire test - checkoutCompleteTestIOS] FAILED at [21:15:35 2026-09-14] - iOS test failed: no such element By.xpath: (//*[@name='ADD TO CART'])[1]
For documentation on this error, please visit: https://selenium.dev/exceptions/#no_such_element
Build info: version: '4.7.0', revision: '0a5b49d16f'
System info: os.name: 'Mac OS X', os.arch: 'aarch64', os.version: '26.5', java.version: '26.0.2'
Driver info: driver.version: unknown

org.testng.Assert.fail(Assert.java:110)
com.solvd.carina.demo.IOSCheckoutCompleteTest.checkoutCompleteTestIOS(IOSCheckoutCompleteTest.java:65)
java.base/jdk.internal.reflect.DirectMethodHandleAccessor.invoke(DirectMethodHandleAccessor.java:104)
java.base/java.lang.reflect.Method.invoke(Method.java:565)
org.testng.internal.invokers.MethodInvocationHelper.invokeMethod(MethodInvocationHelper.java:139)
org.testng.internal.invokers.TestInvoker.invokeMethod(TestInvoker.java:677)
org.testng.internal.invokers.TestInvoker.invokeTestMethod(TestInvoker.java:221)
org.testng.internal.invokers.MethodRunner.runInSequence(MethodRunner.java:50)
org.testng.internal.invokers.TestInvoker$MethodInvocationAgent.invoke(TestInvoker.java:969)
org.testng.internal.invokers.TestInvoker.invokeTestMethods(TestInvoker.java:194)
org.testng.internal.invokers.TestMethodWorker.invokeTestMethods(TestMethodWorker.java:148)
org.testng.internal.invokers.TestMethodWorker.run(TestMethodWorker.java:128)
java.base/java.util.ArrayList.forEach(ArrayList.java:1612)
org.testng.TestRunner.privateRun(TestRunner.java:829)
org.testng.TestRunner.run(TestRunner.java:602)
org.testng.SuiteRunner.runTest(SuiteRunner.java:437)
org.testng.SuiteRunner.runSequentially(SuiteRunner.java:431)
org.testng.SuiteRunner.privateRun(SuiteRunner.java:391)
org.testng.SuiteRunner.run(SuiteRunner.java:330)
org.testng.SuiteRunnerWorker.runSuite(SuiteRunnerWorker.java:52)
org.testng.SuiteRunnerWorker.run(SuiteRunnerWorker.java:95)
org.testng.TestNG.runSuitesSequentially(TestNG.java:1256)
org.testng.TestNG.runSuitesLocally(TestNG.java:1176)
org.testng.TestNG.runSuites(TestNG.java:1099)
org.testng.TestNG.run(TestNG.java:1067)
org.apache.maven.surefire.testng.TestNGExecutor.run(TestNGExecutor.java:155)
org.apache.maven.surefire.testng.TestNGDirectoryTestSuite.executeSingleClass(TestNGDirectoryTestSuite.java:102)
org.apache.maven.surefire.testng.TestNGDirectoryTestSuite.execute(TestNGDirectoryTestSuite.java:91)
org.apache.maven.surefire.testng.TestNGProvider.invoke(TestNGProvider.java:137)
org.apache.maven.surefire.booter.ForkedBooter.runSuitesInProcess(ForkedBooter.java:385)
org.apache.maven.surefire.booter.ForkedBooter.execute(ForkedBooter.java:162)
org.apache.maven.surefire.booter.ForkedBooter.run(ForkedBooter.java:507)
org.apache.maven.surefire.booter.ForkedBooter.main(ForkedBooter.java:495)]]>
    </line>
  </reporter-output>
  <suite started-at="2026-09-14T21:14:14 CEST" name="Surefire suite" finished-at="2026-09-14T21:15:37 CEST" duration-ms="83136">
    <groups>
    </groups>
    <test started-at="2026-09-14T21:14:14 CEST" name="Surefire test" finished-at="2026-09-14T21:15:37 CEST" duration-ms="83136">
      <class name="com.solvd.carina.demo.IOSCheckoutCompleteTest">
        <test-method signature="checkoutCompleteTestIOS()[pri:0, instance:com.solvd.carina.demo.IOSCheckoutCompleteTest@53b9952f]" started-at="2026-09-14T21:14:14 CEST" name="checkoutCompleteTestIOS" finished-at="2026-09-14T21:15:35 CEST" duration-ms="81349" status="FAIL">
          <exception class="java.lang.AssertionError">
            <message>
              <![CDATA[iOS test failed: no such element By.xpath: (//*[@name='ADD TO CART'])[1]
For documentation on this error, please visit: https://selenium.dev/exceptions/#no_such_element
Build info: version: '4.7.0', revision: '0a5b49d16f'
System info: os.name: 'Mac OS X', os.arch: 'aarch64', os.version: '26.5', java.version: '26.0.2'
Driver info: driver.version: unknown]]>
            </message>
            <full-stacktrace>
              <![CDATA[java.lang.AssertionError: iOS test failed: no such element By.xpath: (//*[@name='ADD TO CART'])[1]
For documentation on this error, please visit: https://selenium.dev/exceptions/#no_such_element
Build info: version: '4.7.0', revision: '0a5b49d16f'
System info: os.name: 'Mac OS X', os.arch: 'aarch64', os.version: '26.5', java.version: '26.0.2'
Driver info: driver.version: unknown
at org.testng.Assert.fail(Assert.java:110)
at com.solvd.carina.demo.IOSCheckoutCompleteTest.checkoutCompleteTestIOS(IOSCheckoutCompleteTest.java:65)
at java.base/jdk.internal.reflect.DirectMethodHandleAccessor.invoke(DirectMethodHandleAccessor.java:104)
at java.base/java.lang.reflect.Method.invoke(Method.java:565)
at org.testng.internal.invokers.MethodInvocationHelper.invokeMethod(MethodInvocationHelper.java:139)
at org.testng.internal.invokers.TestInvoker.invokeMethod(TestInvoker.java:677)
at org.testng.internal.invokers.TestInvoker.invokeTestMethod(TestInvoker.java:221)
at org.testng.internal.invokers.MethodRunner.runInSequence(MethodRunner.java:50)
at org.testng.internal.invokers.TestInvoker$MethodInvocationAgent.invoke(TestInvoker.java:969)
at org.testng.internal.invokers.TestInvoker.invokeTestMethods(TestInvoker.java:194)
at org.testng.internal.invokers.TestMethodWorker.invokeTestMethods(TestMethodWorker.java:148)
at org.testng.internal.invokers.TestMethodWorker.run(TestMethodWorker.java:128)
at java.base/java.util.ArrayList.forEach(ArrayList.java:1612)
at org.testng.TestRunner.privateRun(TestRunner.java:829)
at org.testng.TestRunner.run(TestRunner.java:602)
at org.testng.SuiteRunner.runTest(SuiteRunner.java:437)
at org.testng.SuiteRunner.runSequentially(SuiteRunner.java:431)
at org.testng.SuiteRunner.privateRun(SuiteRunner.java:391)
at org.testng.SuiteRunner.run(SuiteRunner.java:330)
at org.testng.SuiteRunnerWorker.runSuite(SuiteRunnerWorker.java:52)
at org.testng.SuiteRunnerWorker.run(SuiteRunnerWorker.java:95)
at org.testng.TestNG.runSuitesSequentially(TestNG.java:1256)
at org.testng.TestNG.runSuitesLocally(TestNG.java:1176)
at org.testng.TestNG.runSuites(TestNG.java:1099)
at org.testng.TestNG.run(TestNG.java:1067)
at org.apache.maven.surefire.testng.TestNGExecutor.run(TestNGExecutor.java:155)
at org.apache.maven.surefire.testng.TestNGDirectoryTestSuite.executeSingleClass(TestNGDirectoryTestSuite.java:102)
at org.apache.maven.surefire.testng.TestNGDirectoryTestSuite.execute(TestNGDirectoryTestSuite.java:91)
at org.apache.maven.surefire.testng.TestNGProvider.invoke(TestNGProvider.java:137)
at org.apache.maven.surefire.booter.ForkedBooter.runSuitesInProcess(ForkedBooter.java:385)
at org.apache.maven.surefire.booter.ForkedBooter.execute(ForkedBooter.java:162)
at org.apache.maven.surefire.booter.ForkedBooter.run(ForkedBooter.java:507)
at org.apache.maven.surefire.booter.ForkedBooter.main(ForkedBooter.java:495)
]]>
            </full-stacktrace>
          </exception> <!-- java.lang.AssertionError -->
          <reporter-output>
            <line>
              <![CDATA[TEST [Surefire test - checkoutCompleteTestIOS] FAILED at [21:15:35 2026-09-14] - iOS test failed: no such element By.xpath: (//*[@name='ADD TO CART'])[1]
For documentation on this error, please visit: https://selenium.dev/exceptions/#no_such_element
Build info: version: '4.7.0', revision: '0a5b49d16f'
System info: os.name: 'Mac OS X', os.arch: 'aarch64', os.version: '26.5', java.version: '26.0.2'
Driver info: driver.version: unknown

org.testng.Assert.fail(Assert.java:110)
com.solvd.carina.demo.IOSCheckoutCompleteTest.checkoutCompleteTestIOS(IOSCheckoutCompleteTest.java:65)
java.base/jdk.internal.reflect.DirectMethodHandleAccessor.invoke(DirectMethodHandleAccessor.java:104)
java.base/java.lang.reflect.Method.invoke(Method.java:565)
org.testng.internal.invokers.MethodInvocationHelper.invokeMethod(MethodInvocationHelper.java:139)
org.testng.internal.invokers.TestInvoker.invokeMethod(TestInvoker.java:677)
org.testng.internal.invokers.TestInvoker.invokeTestMethod(TestInvoker.java:221)
org.testng.internal.invokers.MethodRunner.runInSequence(MethodRunner.java:50)
org.testng.internal.invokers.TestInvoker$MethodInvocationAgent.invoke(TestInvoker.java:969)
org.testng.internal.invokers.TestInvoker.invokeTestMethods(TestInvoker.java:194)
org.testng.internal.invokers.TestMethodWorker.invokeTestMethods(TestMethodWorker.java:148)
org.testng.internal.invokers.TestMethodWorker.run(TestMethodWorker.java:128)
java.base/java.util.ArrayList.forEach(ArrayList.java:1612)
org.testng.TestRunner.privateRun(TestRunner.java:829)
org.testng.TestRunner.run(TestRunner.java:602)
org.testng.SuiteRunner.runTest(SuiteRunner.java:437)
org.testng.SuiteRunner.runSequentially(SuiteRunner.java:431)
org.testng.SuiteRunner.privateRun(SuiteRunner.java:391)
org.testng.SuiteRunner.run(SuiteRunner.java:330)
org.testng.SuiteRunnerWorker.runSuite(SuiteRunnerWorker.java:52)
org.testng.SuiteRunnerWorker.run(SuiteRunnerWorker.java:95)
org.testng.TestNG.runSuitesSequentially(TestNG.java:1256)
org.testng.TestNG.runSuitesLocally(TestNG.java:1176)
org.testng.TestNG.runSuites(TestNG.java:1099)
org.testng.TestNG.run(TestNG.java:1067)
org.apache.maven.surefire.testng.TestNGExecutor.run(TestNGExecutor.java:155)
org.apache.maven.surefire.testng.TestNGDirectoryTestSuite.executeSingleClass(TestNGDirectoryTestSuite.java:102)
org.apache.maven.surefire.testng.TestNGDirectoryTestSuite.execute(TestNGDirectoryTestSuite.java:91)
org.apache.maven.surefire.testng.TestNGProvider.invoke(TestNGProvider.java:137)
org.apache.maven.surefire.booter.ForkedBooter.runSuitesInProcess(ForkedBooter.java:385)
org.apache.maven.surefire.booter.ForkedBooter.execute(ForkedBooter.java:162)
org.apache.maven.surefire.booter.ForkedBooter.run(ForkedBooter.java:507)
org.apache.maven.surefire.booter.ForkedBooter.main(ForkedBooter.java:495)]]>
            </line>
          </reporter-output>
        </test-method> <!-- checkoutCompleteTestIOS -->
        <test-method is-config="true" signature="onCarinaAfterMethod()[pri:0, instance:com.solvd.carina.demo.IOSCheckoutCompleteTest@53b9952f]" started-at="2026-09-14T21:15:35 CEST" name="onCarinaAfterMethod" finished-at="2026-09-14T21:15:35 CEST" duration-ms="6" status="PASS">
          <reporter-output>
          </reporter-output>
        </test-method> <!-- onCarinaAfterMethod -->
      </class> <!-- com.solvd.carina.demo.IOSCheckoutCompleteTest -->
    </test> <!-- Surefire test -->
  </suite> <!-- Surefire suite -->
</testng-results>
